{"/home/shivam/HW/TestGeneration/test.js":{"path":"/home/shivam/HW/TestGeneration/test.js","s":{"1":1,"2":1,"3":1,"4":1,"5":1,"6":1,"7":1,"8":1,"9":1,"10":1,"11":1,"12":1,"13":1,"14":1,"15":1,"16":1,"17":1,"18":1,"19":1,"20":1,"21":1,"22":1,"23":1,"24":1,"25":1,"26":1,"27":1,"28":1,"29":1,"30":1,"31":1,"32":1,"33":1,"34":1,"35":1,"36":1,"37":1,"38":1,"39":1,"40":1,"41":1,"42":1,"43":1,"44":1,"45":1,"46":1,"47":1,"48":1,"49":1,"50":1,"51":1,"52":1,"53":1,"54":1,"55":1,"56":1,"57":1,"58":1,"59":1,"60":1,"61":1,"62":1,"63":1,"64":1,"65":1,"66":1,"67":1,"68":1,"69":1,"70":1,"71":1,"72":1,"73":1,"74":1,"75":1,"76":1,"77":1,"78":1,"79":1,"80":1,"81":1,"82":1,"83":1,"84":1,"85":1,"86":1,"87":1,"88":1,"89":1,"90":1,"91":1,"92":1,"93":1,"94":1,"95":1,"96":1,"97":1,"98":1,"99":1,"100":1,"101":1,"102":1,"103":1,"104":1,"105":1,"106":1,"107":1,"108":1,"109":1,"110":1,"111":1,"112":1,"113":1,"114":1,"115":1,"116":1,"117":1,"118":1,"119":1,"120":1,"121":1,"122":1,"123":1,"124":1,"125":1,"126":1,"127":1,"128":1,"129":1,"130":1,"131":1,"132":1,"133":1,"134":1,"135":1,"136":1,"137":1,"138":1,"139":1,"140":1,"141":1,"142":1,"143":1,"144":1,"145":1,"146":1,"147":1,"148":1,"149":1,"150":1,"151":1,"152":1,"153":1,"154":1,"155":1,"156":1,"157":1,"158":1,"159":1,"160":1,"161":1,"162":1,"163":1,"164":1,"165":1,"166":1,"167":1,"168":1,"169":1,"170":1,"171":1,"172":1,"173":1,"174":1,"175":1,"176":1,"177":1,"178":1,"179":1,"180":1,"181":1,"182":1,"183":1,"184":1,"185":1,"186":1,"187":1,"188":1,"189":1,"190":1,"191":1,"192":1,"193":1,"194":1,"195":1,"196":1,"197":1,"198":1,"199":1,"200":1,"201":1,"202":1,"203":1,"204":1,"205":1,"206":1,"207":1,"208":1,"209":1,"210":1,"211":1,"212":1,"213":1,"214":1,"215":1,"216":1,"217":1,"218":1,"219":1,"220":1,"221":1,"222":1,"223":1,"224":1,"225":1,"226":1,"227":1,"228":1,"229":1,"230":1,"231":1,"232":1,"233":1,"234":1,"235":1,"236":1,"237":1,"238":1,"239":1,"240":1,"241":1,"242":1,"243":1,"244":1,"245":1,"246":1,"247":1,"248":1,"249":1,"250":1,"251":1,"252":1,"253":1,"254":1,"255":1,"256":1,"257":1,"258":1,"259":1,"260":1,"261":1,"262":1,"263":1,"264":1,"265":1,"266":1,"267":1,"268":1,"269":1,"270":1,"271":1,"272":1,"273":1,"274":1,"275":1,"276":1,"277":1,"278":1,"279":1,"280":1,"281":1,"282":1,"283":1,"284":1,"285":1,"286":1,"287":1,"288":1,"289":1,"290":1,"291":1,"292":1,"293":1,"294":1,"295":1,"296":1,"297":1,"298":1,"299":1,"300":1,"301":1,"302":1,"303":1,"304":1,"305":1,"306":1,"307":1,"308":1,"309":1,"310":1,"311":1,"312":1,"313":1,"314":1,"315":1,"316":1,"317":1,"318":1,"319":1,"320":1,"321":1,"322":1,"323":1,"324":1,"325":1,"326":1,"327":1,"328":1,"329":1,"330":1,"331":1,"332":1,"333":1,"334":1,"335":1,"336":1,"337":1,"338":1,"339":1,"340":1,"341":1,"342":1,"343":1,"344":1,"345":1,"346":1,"347":1,"348":1,"349":1,"350":1,"351":1,"352":1,"353":1,"354":1,"355":1,"356":1,"357":1,"358":1,"359":1,"360":1,"361":1,"362":1,"363":1,"364":1,"365":1,"366":1,"367":1,"368":1,"369":1,"370":1,"371":1,"372":1,"373":1,"374":1,"375":1,"376":1,"377":1,"378":1,"379":1,"380":1,"381":1,"382":1,"383":1,"384":1,"385":1,"386":1,"387":1,"388":1,"389":1,"390":1,"391":1,"392":1,"393":1,"394":1,"395":1,"396":1,"397":1,"398":1,"399":1,"400":1,"401":1,"402":1,"403":1,"404":1,"405":1,"406":1,"407":1,"408":1,"409":1,"410":1,"411":1,"412":1,"413":1,"414":1,"415":1,"416":1,"417":1,"418":1,"419":1,"420":1,"421":1,"422":1,"423":1,"424":1,"425":1,"426":1,"427":1,"428":1,"429":1,"430":1,"431":1,"432":1,"433":1,"434":1,"435":1,"436":1,"437":1,"438":1,"439":1,"440":1,"441":1,"442":1,"443":1,"444":1,"445":1,"446":1,"447":1,"448":1,"449":1,"450":1,"451":1,"452":1,"453":1,"454":1,"455":1,"456":1,"457":1,"458":1,"459":1,"460":1,"461":1,"462":1,"463":1,"464":1,"465":1,"466":1,"467":1,"468":1,"469":1,"470":1,"471":1,"472":1,"473":1,"474":1,"475":1,"476":1,"477":1,"478":1,"479":1,"480":1,"481":1,"482":1,"483":1,"484":1,"485":1,"486":1,"487":1,"488":1,"489":1,"490":1,"491":1,"492":1,"493":1,"494":1,"495":1,"496":1,"497":1,"498":1,"499":1,"500":1,"501":1,"502":1,"503":1,"504":1,"505":1,"506":1,"507":1,"508":1,"509":1,"510":1,"511":1,"512":1,"513":1,"514":1,"515":1,"516":1,"517":1,"518":1,"519":1,"520":1,"521":1,"522":1,"523":1,"524":1,"525":1,"526":1,"527":1,"528":1,"529":1,"530":1,"531":1,"532":1,"533":1,"534":1,"535":1,"536":1,"537":1,"538":1,"539":1,"540":1,"541":1,"542":1,"543":1,"544":1,"545":1,"546":1,"547":1,"548":1,"549":1,"550":1,"551":1,"552":1,"553":1,"554":1,"555":1,"556":1,"557":1,"558":1,"559":1,"560":1,"561":1,"562":1,"563":1,"564":1,"565":1,"566":1,"567":1,"568":1,"569":1,"570":1,"571":1,"572":1,"573":1,"574":1,"575":1,"576":1,"577":1,"578":1,"579":1,"580":1,"581":1,"582":1,"583":1,"584":1,"585":1,"586":1,"587":1,"588":1,"589":1,"590":1,"591":1,"592":1,"593":1,"594":1,"595":1,"596":1,"597":1,"598":1,"599":1,"600":1,"601":1,"602":1,"603":1,"604":1,"605":1,"606":1,"607":1,"608":1,"609":1,"610":1,"611":1,"612":1,"613":1,"614":1,"615":1,"616":1,"617":1,"618":1,"619":1,"620":1,"621":1,"622":1,"623":1,"624":1,"625":1,"626":1,"627":1,"628":1,"629":1,"630":1,"631":1,"632":1,"633":1,"634":1,"635":1,"636":1,"637":1,"638":1,"639":1,"640":1,"641":1,"642":1,"643":1,"644":1,"645":1,"646":1,"647":1,"648":1,"649":1,"650":1,"651":1,"652":1,"653":1,"654":1,"655":1,"656":1,"657":1,"658":1,"659":1,"660":1,"661":1,"662":1,"663":1,"664":1,"665":1,"666":1,"667":1,"668":1,"669":1,"670":1,"671":1,"672":1,"673":1,"674":1,"675":1,"676":1,"677":1,"678":1,"679":1,"680":1,"681":1,"682":1,"683":1,"684":1,"685":1,"686":1,"687":1,"688":1,"689":1,"690":1,"691":1,"692":1,"693":1,"694":1,"695":1,"696":1,"697":1,"698":1,"699":1,"700":1,"701":1,"702":1,"703":1,"704":1,"705":1,"706":1,"707":1,"708":1,"709":1,"710":1,"711":1,"712":1,"713":1,"714":1,"715":1,"716":1,"717":1,"718":1,"719":1,"720":1,"721":1,"722":1,"723":1,"724":1,"725":1,"726":1,"727":1,"728":1,"729":1,"730":1,"731":1,"732":1,"733":1,"734":1,"735":1,"736":1,"737":1,"738":1,"739":1,"740":1,"741":1,"742":1,"743":1,"744":1,"745":1,"746":1,"747":1,"748":1,"749":1,"750":1,"751":1,"752":1,"753":1,"754":1,"755":1,"756":1,"757":1,"758":1,"759":1,"760":1,"761":1,"762":1,"763":1,"764":1,"765":1,"766":1,"767":1,"768":1,"769":1,"770":1,"771":1,"772":1,"773":1,"774":1,"775":1,"776":1,"777":1,"778":1,"779":1,"780":1,"781":1,"782":1,"783":1,"784":1,"785":1,"786":1,"787":1,"788":1,"789":1,"790":1,"791":1,"792":1,"793":1,"794":1,"795":1,"796":1,"797":1,"798":1,"799":1,"800":1,"801":1,"802":1,"803":1,"804":1,"805":1,"806":1,"807":1,"808":1,"809":1,"810":1,"811":1,"812":1,"813":1,"814":1,"815":1,"816":1,"817":1,"818":1,"819":1,"820":1,"821":1,"822":1,"823":1,"824":1,"825":1,"826":1,"827":1,"828":1,"829":1,"830":1,"831":1,"832":1,"833":1,"834":1,"835":1,"836":1,"837":1,"838":1,"839":1,"840":1,"841":1,"842":1,"843":1,"844":1,"845":1,"846":1,"847":1,"848":1,"849":1,"850":1,"851":1,"852":1,"853":1,"854":1,"855":1,"856":1,"857":1,"858":1,"859":1,"860":1,"861":1,"862":1,"863":1,"864":1,"865":1,"866":1,"867":1,"868":1,"869":1,"870":1,"871":1,"872":1,"873":1,"874":1,"875":1,"876":1,"877":1,"878":1,"879":1,"880":1,"881":1,"882":1,"883":1,"884":1,"885":1,"886":1,"887":1,"888":1,"889":1,"890":1,"891":1,"892":1,"893":1,"894":1,"895":1,"896":1,"897":1,"898":1,"899":1,"900":1,"901":1,"902":1,"903":1,"904":1,"905":1,"906":1,"907":1,"908":1,"909":1,"910":1,"911":1,"912":1,"913":1,"914":1,"915":1,"916":1,"917":1,"918":1,"919":1,"920":1,"921":1,"922":1,"923":1,"924":1,"925":1,"926":1,"927":1,"928":1,"929":1,"930":1,"931":1,"932":1,"933":1,"934":1,"935":1,"936":1,"937":1,"938":1,"939":1,"940":1,"941":1,"942":1,"943":1,"944":1,"945":1,"946":1,"947":1,"948":1,"949":1,"950":1,"951":1,"952":1,"953":1,"954":1,"955":1,"956":1,"957":1,"958":1,"959":1,"960":1,"961":1,"962":1,"963":1,"964":1,"965":1,"966":1,"967":1,"968":1,"969":1,"970":1,"971":1,"972":1,"973":1,"974":1,"975":1,"976":1,"977":1,"978":1,"979":1,"980":1,"981":1,"982":1,"983":1,"984":1,"985":1,"986":1,"987":1,"988":1,"989":1,"990":1,"991":1,"992":1,"993":1,"994":1,"995":1,"996":1,"997":1,"998":1,"999":1,"1000":1,"1001":1,"1002":1,"1003":1,"1004":1,"1005":1,"1006":1,"1007":1,"1008":1,"1009":1,"1010":1,"1011":1,"1012":1,"1013":1,"1014":1,"1015":1,"1016":1,"1017":1,"1018":1,"1019":1,"1020":1,"1021":1,"1022":1,"1023":1,"1024":1,"1025":1,"1026":1,"1027":1,"1028":1,"1029":1,"1030":1,"1031":1,"1032":1,"1033":1,"1034":1,"1035":1,"1036":1,"1037":1,"1038":1,"1039":1,"1040":1,"1041":1,"1042":1,"1043":1,"1044":1,"1045":1,"1046":1,"1047":1,"1048":1,"1049":1,"1050":1,"1051":1,"1052":1,"1053":1,"1054":1,"1055":1,"1056":1,"1057":1,"1058":1,"1059":1,"1060":1,"1061":1,"1062":1,"1063":1,"1064":1,"1065":1,"1066":1,"1067":1,"1068":1,"1069":1,"1070":1,"1071":1,"1072":1,"1073":1,"1074":1,"1075":1,"1076":1,"1077":1,"1078":1,"1079":1,"1080":1,"1081":1,"1082":1,"1083":1,"1084":1,"1085":1,"1086":1,"1087":1,"1088":1,"1089":1,"1090":1,"1091":1,"1092":1,"1093":1,"1094":1,"1095":1,"1096":1,"1097":1,"1098":1,"1099":1,"1100":1,"1101":1,"1102":1,"1103":1,"1104":1,"1105":1,"1106":1,"1107":1,"1108":1,"1109":1,"1110":1,"1111":1,"1112":1,"1113":1,"1114":1,"1115":1,"1116":1,"1117":1,"1118":1,"1119":1,"1120":1,"1121":1,"1122":1,"1123":1,"1124":1,"1125":1,"1126":1,"1127":1,"1128":1,"1129":1,"1130":1,"1131":1,"1132":1,"1133":1,"1134":1,"1135":1,"1136":1,"1137":1,"1138":1,"1139":1,"1140":1,"1141":1,"1142":1,"1143":1,"1144":1,"1145":1,"1146":1,"1147":1,"1148":1,"1149":1,"1150":1,"1151":1,"1152":1,"1153":1,"1154":1,"1155":1,"1156":1,"1157":1,"1158":1,"1159":1,"1160":1,"1161":1,"1162":1,"1163":1,"1164":1,"1165":1,"1166":1,"1167":1,"1168":1,"1169":1,"1170":1,"1171":1,"1172":1,"1173":1,"1174":1,"1175":1,"1176":1,"1177":1,"1178":1,"1179":1,"1180":1,"1181":1,"1182":1,"1183":1,"1184":1,"1185":1,"1186":1,"1187":1,"1188":1,"1189":1,"1190":1,"1191":1,"1192":1,"1193":1,"1194":1,"1195":1,"1196":1,"1197":1,"1198":1,"1199":1,"1200":1,"1201":1,"1202":1,"1203":1,"1204":1,"1205":1,"1206":1,"1207":1,"1208":1,"1209":1,"1210":1,"1211":1,"1212":1,"1213":1,"1214":1,"1215":1,"1216":1,"1217":1,"1218":1,"1219":1,"1220":1,"1221":1,"1222":1,"1223":1,"1224":1,"1225":1,"1226":1,"1227":1,"1228":1,"1229":1,"1230":1,"1231":1,"1232":1,"1233":1,"1234":1,"1235":1,"1236":1,"1237":1,"1238":1,"1239":1,"1240":1,"1241":1,"1242":1,"1243":1,"1244":1,"1245":1,"1246":1,"1247":1,"1248":1,"1249":1,"1250":1,"1251":1,"1252":1,"1253":1,"1254":1,"1255":1,"1256":1,"1257":1,"1258":1,"1259":1,"1260":1,"1261":1,"1262":1,"1263":1,"1264":1,"1265":1,"1266":1,"1267":1,"1268":1,"1269":1,"1270":1,"1271":1,"1272":1,"1273":1,"1274":1,"1275":1,"1276":1,"1277":1,"1278":1,"1279":1,"1280":1,"1281":1,"1282":1,"1283":1,"1284":1,"1285":1,"1286":1,"1287":1,"1288":1,"1289":1,"1290":1,"1291":1,"1292":1,"1293":1,"1294":1,"1295":1,"1296":1,"1297":1,"1298":1,"1299":1,"1300":1,"1301":1,"1302":1,"1303":1,"1304":1,"1305":1,"1306":1,"1307":1,"1308":1,"1309":1,"1310":1,"1311":1,"1312":1,"1313":1,"1314":1,"1315":1,"1316":1,"1317":1,"1318":1,"1319":1,"1320":1,"1321":1,"1322":1,"1323":1,"1324":1,"1325":1,"1326":1,"1327":1,"1328":1,"1329":1,"1330":1,"1331":1,"1332":1,"1333":1,"1334":1,"1335":1,"1336":1,"1337":1,"1338":1,"1339":1,"1340":1,"1341":1,"1342":1,"1343":1,"1344":1,"1345":1,"1346":1,"1347":1,"1348":1,"1349":1,"1350":1,"1351":1,"1352":1,"1353":1,"1354":1,"1355":1,"1356":1,"1357":1,"1358":1,"1359":1,"1360":1,"1361":1,"1362":1,"1363":1,"1364":1,"1365":1,"1366":1,"1367":1,"1368":1,"1369":1,"1370":1,"1371":1,"1372":1,"1373":1,"1374":1,"1375":1,"1376":1,"1377":1,"1378":1,"1379":1,"1380":1,"1381":1,"1382":1,"1383":1,"1384":1,"1385":1,"1386":1,"1387":1,"1388":1,"1389":1,"1390":1,"1391":1,"1392":1,"1393":1,"1394":1,"1395":1,"1396":1,"1397":1,"1398":1,"1399":1,"1400":1,"1401":1,"1402":1,"1403":1,"1404":1,"1405":1,"1406":1,"1407":1,"1408":1,"1409":1,"1410":1,"1411":1,"1412":1,"1413":1,"1414":1,"1415":1,"1416":1,"1417":1,"1418":1,"1419":1,"1420":1,"1421":1,"1422":1,"1423":1,"1424":1,"1425":1,"1426":1,"1427":1,"1428":1,"1429":1,"1430":1,"1431":1,"1432":1,"1433":1,"1434":1,"1435":1,"1436":1,"1437":1,"1438":1,"1439":1,"1440":1,"1441":1,"1442":1,"1443":1,"1444":1,"1445":1,"1446":1,"1447":1,"1448":1,"1449":1,"1450":1,"1451":1,"1452":1,"1453":1,"1454":1,"1455":1,"1456":1,"1457":1,"1458":1,"1459":1,"1460":1,"1461":1,"1462":1,"1463":1,"1464":1,"1465":1,"1466":1,"1467":1,"1468":1,"1469":1,"1470":1,"1471":1,"1472":1,"1473":1,"1474":1,"1475":1,"1476":1,"1477":1,"1478":1,"1479":1,"1480":1,"1481":1,"1482":1,"1483":1,"1484":1,"1485":1,"1486":1,"1487":1,"1488":1,"1489":1,"1490":1,"1491":1,"1492":1,"1493":1,"1494":1,"1495":1,"1496":1,"1497":1,"1498":1,"1499":1,"1500":1,"1501":1,"1502":1,"1503":1,"1504":1,"1505":1,"1506":1,"1507":1,"1508":1,"1509":1,"1510":1,"1511":1,"1512":1,"1513":1,"1514":1,"1515":1,"1516":1,"1517":1,"1518":1,"1519":1,"1520":1,"1521":1,"1522":1,"1523":1,"1524":1,"1525":1,"1526":1,"1527":1,"1528":1,"1529":1,"1530":1,"1531":1,"1532":1,"1533":1,"1534":1,"1535":1,"1536":1,"1537":1,"1538":1,"1539":1,"1540":1,"1541":1,"1542":1,"1543":1,"1544":1,"1545":1,"1546":1,"1547":1,"1548":1,"1549":1,"1550":1,"1551":1,"1552":1,"1553":1,"1554":1,"1555":1,"1556":1,"1557":1,"1558":1,"1559":1,"1560":1,"1561":1,"1562":1,"1563":1,"1564":1,"1565":1,"1566":1,"1567":1,"1568":1,"1569":1,"1570":1,"1571":1,"1572":1,"1573":1,"1574":1,"1575":1,"1576":1,"1577":1,"1578":1,"1579":1,"1580":1,"1581":1,"1582":1,"1583":1,"1584":1,"1585":1,"1586":1,"1587":1,"1588":1,"1589":1,"1590":1,"1591":1,"1592":1,"1593":1,"1594":1,"1595":1,"1596":1,"1597":1,"1598":1,"1599":1,"1600":1,"1601":1,"1602":1,"1603":1,"1604":1,"1605":1,"1606":1,"1607":1,"1608":1,"1609":1,"1610":1,"1611":1,"1612":1,"1613":1,"1614":1,"1615":1,"1616":1,"1617":1,"1618":1,"1619":1,"1620":1,"1621":1,"1622":1,"1623":1,"1624":1,"1625":1,"1626":1,"1627":1,"1628":1,"1629":1,"1630":1,"1631":1,"1632":1,"1633":1,"1634":1,"1635":1,"1636":1,"1637":1,"1638":1,"1639":1,"1640":1,"1641":1,"1642":1,"1643":1,"1644":1,"1645":1,"1646":1,"1647":1,"1648":1,"1649":1,"1650":1,"1651":1,"1652":1,"1653":1,"1654":1,"1655":1,"1656":1,"1657":1,"1658":1,"1659":1,"1660":1,"1661":1,"1662":1,"1663":1,"1664":1,"1665":1,"1666":1,"1667":1,"1668":1,"1669":1,"1670":1,"1671":1,"1672":1,"1673":1,"1674":1,"1675":1,"1676":1,"1677":1,"1678":1,"1679":1,"1680":1,"1681":1,"1682":1,"1683":1,"1684":1,"1685":1,"1686":1,"1687":1,"1688":1,"1689":1,"1690":1,"1691":1,"1692":1,"1693":1,"1694":1,"1695":1,"1696":1,"1697":1,"1698":1,"1699":1,"1700":1,"1701":1,"1702":1,"1703":1,"1704":1,"1705":1,"1706":1,"1707":1,"1708":1,"1709":1,"1710":1,"1711":1,"1712":1,"1713":1,"1714":1,"1715":1,"1716":1,"1717":1,"1718":1,"1719":1,"1720":1,"1721":1,"1722":1,"1723":1,"1724":1,"1725":1,"1726":1,"1727":1,"1728":1,"1729":1,"1730":1,"1731":1,"1732":1,"1733":1,"1734":1,"1735":1,"1736":1,"1737":1,"1738":1,"1739":1,"1740":1,"1741":1,"1742":1,"1743":1,"1744":1,"1745":1,"1746":1,"1747":1,"1748":1,"1749":1,"1750":1,"1751":1,"1752":1,"1753":1,"1754":1,"1755":1,"1756":1,"1757":1,"1758":1,"1759":1,"1760":1,"1761":1,"1762":1,"1763":1,"1764":1,"1765":1,"1766":1,"1767":1,"1768":1,"1769":1,"1770":1,"1771":1,"1772":1,"1773":1,"1774":1,"1775":1,"1776":1,"1777":1,"1778":1,"1779":1,"1780":1,"1781":1,"1782":1,"1783":1,"1784":1,"1785":1,"1786":1,"1787":1,"1788":1,"1789":1,"1790":1,"1791":1,"1792":1,"1793":1,"1794":1,"1795":1,"1796":1,"1797":1,"1798":1,"1799":1,"1800":1,"1801":1,"1802":1,"1803":1,"1804":1,"1805":1,"1806":1,"1807":1,"1808":1,"1809":1,"1810":1,"1811":1,"1812":1,"1813":1,"1814":1,"1815":1,"1816":1,"1817":1,"1818":1,"1819":1,"1820":1,"1821":1,"1822":1,"1823":1,"1824":1,"1825":1,"1826":1,"1827":1,"1828":1,"1829":1,"1830":1,"1831":1,"1832":1,"1833":1,"1834":1,"1835":1,"1836":1,"1837":1,"1838":1,"1839":1,"1840":1,"1841":1,"1842":1,"1843":1,"1844":1,"1845":1,"1846":1,"1847":1,"1848":1,"1849":1,"1850":1,"1851":1,"1852":1,"1853":1,"1854":1,"1855":1,"1856":1,"1857":1,"1858":1,"1859":1,"1860":1,"1861":1,"1862":1,"1863":1,"1864":1,"1865":1,"1866":1,"1867":1,"1868":1,"1869":1,"1870":1,"1871":1,"1872":1,"1873":1,"1874":1,"1875":1,"1876":1,"1877":1,"1878":1,"1879":1,"1880":1,"1881":1,"1882":1,"1883":1,"1884":1,"1885":1,"1886":1,"1887":1,"1888":1,"1889":1,"1890":1,"1891":1,"1892":1,"1893":1,"1894":1,"1895":1,"1896":1,"1897":1,"1898":1,"1899":1,"1900":1,"1901":1,"1902":1,"1903":1,"1904":1,"1905":1,"1906":1,"1907":1,"1908":1,"1909":1,"1910":1,"1911":1,"1912":1,"1913":1,"1914":1,"1915":1,"1916":1,"1917":1,"1918":1,"1919":1,"1920":1,"1921":1,"1922":1,"1923":1,"1924":1,"1925":1,"1926":1,"1927":1,"1928":1,"1929":1,"1930":1,"1931":1,"1932":1,"1933":1,"1934":1,"1935":1,"1936":1,"1937":1,"1938":1,"1939":1,"1940":1,"1941":1,"1942":1,"1943":1,"1944":1,"1945":1,"1946":1,"1947":1,"1948":1,"1949":1,"1950":1,"1951":1,"1952":1,"1953":1,"1954":1,"1955":1,"1956":1,"1957":1,"1958":1,"1959":1,"1960":1,"1961":1,"1962":1,"1963":1,"1964":1,"1965":1,"1966":1,"1967":1,"1968":1,"1969":1,"1970":1,"1971":1,"1972":1,"1973":1,"1974":1,"1975":1,"1976":1,"1977":1,"1978":1,"1979":1,"1980":1,"1981":1,"1982":1,"1983":1,"1984":1,"1985":1,"1986":1,"1987":1,"1988":1,"1989":1,"1990":1,"1991":1,"1992":1,"1993":1,"1994":1,"1995":1,"1996":1,"1997":1,"1998":1,"1999":1,"2000":1,"2001":1,"2002":1,"2003":1,"2004":1,"2005":1,"2006":1,"2007":1,"2008":1,"2009":1,"2010":1,"2011":1,"2012":1,"2013":1,"2014":1,"2015":1,"2016":1,"2017":1,"2018":1,"2019":1,"2020":1,"2021":1,"2022":1,"2023":1,"2024":1,"2025":1,"2026":1,"2027":1,"2028":1,"2029":1,"2030":1,"2031":1,"2032":1,"2033":1,"2034":1,"2035":1,"2036":1,"2037":1,"2038":1,"2039":1,"2040":1,"2041":1,"2042":1,"2043":1,"2044":1,"2045":1,"2046":1,"2047":1,"2048":1,"2049":1,"2050":1,"2051":1,"2052":1,"2053":1,"2054":1,"2055":1,"2056":1,"2057":1,"2058":1,"2059":1,"2060":1,"2061":1,"2062":1,"2063":1,"2064":1,"2065":1,"2066":1,"2067":1,"2068":1,"2069":1,"2070":1,"2071":1,"2072":1,"2073":1,"2074":1,"2075":1,"2076":1,"2077":1,"2078":1,"2079":1,"2080":1,"2081":1,"2082":1,"2083":1,"2084":1,"2085":1,"2086":1,"2087":1,"2088":1,"2089":1,"2090":1,"2091":1,"2092":1,"2093":1,"2094":1,"2095":1,"2096":1,"2097":1,"2098":1,"2099":1,"2100":1,"2101":1,"2102":1,"2103":1,"2104":1,"2105":1,"2106":1,"2107":1,"2108":1,"2109":1,"2110":1,"2111":1,"2112":1,"2113":1,"2114":1,"2115":1,"2116":1,"2117":1,"2118":1,"2119":1,"2120":1,"2121":1,"2122":1,"2123":1,"2124":1,"2125":1,"2126":1,"2127":1,"2128":1,"2129":1,"2130":1,"2131":1,"2132":1,"2133":1,"2134":1,"2135":1,"2136":1,"2137":1,"2138":1,"2139":1,"2140":1,"2141":1,"2142":1,"2143":1,"2144":1,"2145":1,"2146":1,"2147":1,"2148":1,"2149":1,"2150":1,"2151":1,"2152":1,"2153":1,"2154":1,"2155":1,"2156":1,"2157":1,"2158":1,"2159":1,"2160":1,"2161":1,"2162":1,"2163":1,"2164":1,"2165":1,"2166":1,"2167":1,"2168":1,"2169":1,"2170":1,"2171":1,"2172":1,"2173":1,"2174":1,"2175":1,"2176":1,"2177":1,"2178":1,"2179":1,"2180":1,"2181":1,"2182":1,"2183":1,"2184":1,"2185":1,"2186":1,"2187":1,"2188":1,"2189":1,"2190":1,"2191":1,"2192":1,"2193":1,"2194":1,"2195":1,"2196":1,"2197":1,"2198":1,"2199":1,"2200":1,"2201":1,"2202":1,"2203":1,"2204":1,"2205":1,"2206":1,"2207":1,"2208":1,"2209":1,"2210":1,"2211":1,"2212":1,"2213":1,"2214":1,"2215":1,"2216":1,"2217":1,"2218":1,"2219":1,"2220":1,"2221":1,"2222":1,"2223":1,"2224":1,"2225":1,"2226":1,"2227":1,"2228":1,"2229":1,"2230":1,"2231":1,"2232":1,"2233":1,"2234":1,"2235":1,"2236":1,"2237":1,"2238":1,"2239":1,"2240":1,"2241":1,"2242":1,"2243":1,"2244":1,"2245":1,"2246":1,"2247":1,"2248":1,"2249":1,"2250":1,"2251":1,"2252":1,"2253":1,"2254":1,"2255":1,"2256":1,"2257":1,"2258":1,"2259":1,"2260":1,"2261":1,"2262":1,"2263":1,"2264":1,"2265":1,"2266":1,"2267":1,"2268":1,"2269":1,"2270":1,"2271":1,"2272":1,"2273":1,"2274":1,"2275":1,"2276":1,"2277":1,"2278":1,"2279":1,"2280":1,"2281":1,"2282":1,"2283":1,"2284":1,"2285":1,"2286":1,"2287":1,"2288":1,"2289":1,"2290":1,"2291":1,"2292":1,"2293":1,"2294":1,"2295":1,"2296":1,"2297":1,"2298":1,"2299":1,"2300":1,"2301":1,"2302":1,"2303":1,"2304":1,"2305":1,"2306":1,"2307":1,"2308":1,"2309":1,"2310":1,"2311":1,"2312":1,"2313":1,"2314":1,"2315":1,"2316":1,"2317":1,"2318":1,"2319":1,"2320":1,"2321":1,"2322":1,"2323":1,"2324":1,"2325":1,"2326":1,"2327":1,"2328":1,"2329":1,"2330":1,"2331":1,"2332":1,"2333":1,"2334":1,"2335":1,"2336":1,"2337":1,"2338":1,"2339":1,"2340":1,"2341":1,"2342":1,"2343":1,"2344":1,"2345":1,"2346":1,"2347":1,"2348":1,"2349":1,"2350":1,"2351":1,"2352":1,"2353":1,"2354":1,"2355":1,"2356":1,"2357":1,"2358":1,"2359":1,"2360":1,"2361":1,"2362":1,"2363":1,"2364":1,"2365":1,"2366":1,"2367":1,"2368":1,"2369":1,"2370":1,"2371":1,"2372":1,"2373":1,"2374":1,"2375":1,"2376":1,"2377":1,"2378":1,"2379":1,"2380":1,"2381":1,"2382":1,"2383":1,"2384":1,"2385":1,"2386":1,"2387":1,"2388":1,"2389":1,"2390":1,"2391":1,"2392":1,"2393":1,"2394":1,"2395":1,"2396":1,"2397":1,"2398":1,"2399":1,"2400":1,"2401":1,"2402":1,"2403":1,"2404":1,"2405":1,"2406":1,"2407":1,"2408":1,"2409":1,"2410":1,"2411":1,"2412":1,"2413":1,"2414":1,"2415":1,"2416":1,"2417":1,"2418":1,"2419":1,"2420":1,"2421":1,"2422":1,"2423":1,"2424":1,"2425":1,"2426":1,"2427":1,"2428":1,"2429":1,"2430":1,"2431":1,"2432":1,"2433":1,"2434":1,"2435":1,"2436":1,"2437":1,"2438":1,"2439":1,"2440":1,"2441":1,"2442":1,"2443":1,"2444":1,"2445":1,"2446":1,"2447":1,"2448":1,"2449":1,"2450":1,"2451":1,"2452":1,"2453":1,"2454":1,"2455":1,"2456":1,"2457":1,"2458":1,"2459":1,"2460":1,"2461":1,"2462":1,"2463":1,"2464":1,"2465":1,"2466":1,"2467":1,"2468":1,"2469":1,"2470":1,"2471":1,"2472":1,"2473":1,"2474":1,"2475":1,"2476":1,"2477":1,"2478":1,"2479":1,"2480":1,"2481":1,"2482":1,"2483":1,"2484":1,"2485":1,"2486":1,"2487":1,"2488":1,"2489":1,"2490":1,"2491":1,"2492":1,"2493":1,"2494":1,"2495":1,"2496":1,"2497":1,"2498":1,"2499":1,"2500":1,"2501":1,"2502":1,"2503":1,"2504":1,"2505":1,"2506":1,"2507":1,"2508":1,"2509":1,"2510":1,"2511":1,"2512":1,"2513":1,"2514":1,"2515":1,"2516":1,"2517":1,"2518":1,"2519":1,"2520":1,"2521":1,"2522":1,"2523":1,"2524":1,"2525":1,"2526":1,"2527":1,"2528":1,"2529":1,"2530":1,"2531":1,"2532":1,"2533":1,"2534":1,"2535":1,"2536":1,"2537":1,"2538":1,"2539":1,"2540":1,"2541":1,"2542":1,"2543":1,"2544":1,"2545":1,"2546":1,"2547":1,"2548":1,"2549":1,"2550":1,"2551":1,"2552":1,"2553":1,"2554":1,"2555":1,"2556":1,"2557":1,"2558":1,"2559":1,"2560":1,"2561":1,"2562":1,"2563":1,"2564":1,"2565":1,"2566":1,"2567":1,"2568":1,"2569":1,"2570":1,"2571":1,"2572":1,"2573":1,"2574":1,"2575":1,"2576":1,"2577":1,"2578":1,"2579":1,"2580":1,"2581":1,"2582":1,"2583":1,"2584":1,"2585":1,"2586":1,"2587":1,"2588":1,"2589":1,"2590":1,"2591":1,"2592":1,"2593":1,"2594":1,"2595":1,"2596":1,"2597":1,"2598":1,"2599":1,"2600":1,"2601":1,"2602":1,"2603":1,"2604":1,"2605":1,"2606":1,"2607":1,"2608":1,"2609":1,"2610":1,"2611":1,"2612":1,"2613":1,"2614":1,"2615":1,"2616":1,"2617":1,"2618":1,"2619":1,"2620":1,"2621":1,"2622":1,"2623":1,"2624":1,"2625":1,"2626":1,"2627":1,"2628":1,"2629":1,"2630":1,"2631":1,"2632":1,"2633":1,"2634":1,"2635":1,"2636":1,"2637":1,"2638":1,"2639":1,"2640":1,"2641":1,"2642":1,"2643":1,"2644":1,"2645":1,"2646":1,"2647":1,"2648":1,"2649":1,"2650":1,"2651":1,"2652":1,"2653":1,"2654":1,"2655":1,"2656":1,"2657":1,"2658":1,"2659":1,"2660":1,"2661":1,"2662":1,"2663":1,"2664":1,"2665":1,"2666":1,"2667":1,"2668":1,"2669":1,"2670":1,"2671":1,"2672":1,"2673":1,"2674":1,"2675":1,"2676":1,"2677":1,"2678":1,"2679":1,"2680":1,"2681":1,"2682":1,"2683":1,"2684":1,"2685":1,"2686":1,"2687":1,"2688":1,"2689":1,"2690":1,"2691":1,"2692":1,"2693":1,"2694":1,"2695":1,"2696":1,"2697":1,"2698":1,"2699":1,"2700":1,"2701":1,"2702":1,"2703":1,"2704":1,"2705":1,"2706":1,"2707":1,"2708":1,"2709":1,"2710":1,"2711":1,"2712":1,"2713":1,"2714":1,"2715":1,"2716":1,"2717":1,"2718":1,"2719":1,"2720":1,"2721":1,"2722":1,"2723":1,"2724":1,"2725":1,"2726":1,"2727":1,"2728":1,"2729":1,"2730":1,"2731":1,"2732":1,"2733":1,"2734":1,"2735":1,"2736":1,"2737":1,"2738":1,"2739":1,"2740":1,"2741":1,"2742":1,"2743":1,"2744":1,"2745":1,"2746":1,"2747":1,"2748":1,"2749":1,"2750":1,"2751":1,"2752":1,"2753":1,"2754":1,"2755":1,"2756":1,"2757":1,"2758":1,"2759":1,"2760":1,"2761":1,"2762":1,"2763":1,"2764":1,"2765":1,"2766":1,"2767":1,"2768":1,"2769":1,"2770":1,"2771":1,"2772":1,"2773":1,"2774":1,"2775":1,"2776":1,"2777":1,"2778":1,"2779":1,"2780":1,"2781":1,"2782":1,"2783":1,"2784":1,"2785":1,"2786":1,"2787":1,"2788":1,"2789":1,"2790":1,"2791":1,"2792":1,"2793":1,"2794":1,"2795":1,"2796":1,"2797":1,"2798":1,"2799":1,"2800":1,"2801":1,"2802":1,"2803":1,"2804":1,"2805":1,"2806":1,"2807":1,"2808":1,"2809":1,"2810":1,"2811":1,"2812":1,"2813":1,"2814":1,"2815":1,"2816":1,"2817":1,"2818":1,"2819":1,"2820":1,"2821":1,"2822":1,"2823":1,"2824":1,"2825":1,"2826":1,"2827":1,"2828":1,"2829":1,"2830":1,"2831":1,"2832":1,"2833":1,"2834":1,"2835":1,"2836":1,"2837":1,"2838":1,"2839":1,"2840":1,"2841":1,"2842":1,"2843":1,"2844":1,"2845":1,"2846":1,"2847":1,"2848":1,"2849":1,"2850":1,"2851":1,"2852":1,"2853":1,"2854":1,"2855":1,"2856":1,"2857":1,"2858":1,"2859":1,"2860":1,"2861":1,"2862":1,"2863":1,"2864":1,"2865":1,"2866":1,"2867":1,"2868":1,"2869":1,"2870":1,"2871":1,"2872":1,"2873":1,"2874":1,"2875":1,"2876":1,"2877":1,"2878":1,"2879":1,"2880":1,"2881":1,"2882":1,"2883":1,"2884":1,"2885":1,"2886":1,"2887":1,"2888":1,"2889":1,"2890":1,"2891":1,"2892":1,"2893":1,"2894":1,"2895":1,"2896":1,"2897":1,"2898":1,"2899":1,"2900":1,"2901":1,"2902":1,"2903":1,"2904":1,"2905":1,"2906":1,"2907":1,"2908":1,"2909":1,"2910":1,"2911":1,"2912":1,"2913":1,"2914":1,"2915":1,"2916":1,"2917":1,"2918":1,"2919":1,"2920":1,"2921":1,"2922":1,"2923":1,"2924":1,"2925":1,"2926":1,"2927":1,"2928":1,"2929":1,"2930":1,"2931":1,"2932":1,"2933":1,"2934":1,"2935":1,"2936":1,"2937":1,"2938":1,"2939":1,"2940":1,"2941":1,"2942":1,"2943":1,"2944":1,"2945":1,"2946":1,"2947":1,"2948":1,"2949":1,"2950":1,"2951":1,"2952":1,"2953":1,"2954":1,"2955":1,"2956":1,"2957":1,"2958":1,"2959":1,"2960":1,"2961":1,"2962":1,"2963":1,"2964":1,"2965":1,"2966":1,"2967":1,"2968":1,"2969":1,"2970":1,"2971":1,"2972":1,"2973":1,"2974":1,"2975":1,"2976":1,"2977":1,"2978":1,"2979":1,"2980":1,"2981":1,"2982":1,"2983":1,"2984":1,"2985":1,"2986":1,"2987":1,"2988":1,"2989":1,"2990":1,"2991":1,"2992":1,"2993":1,"2994":1,"2995":1,"2996":1,"2997":1,"2998":1,"2999":1,"3000":1,"3001":1,"3002":1,"3003":1,"3004":1,"3005":1,"3006":1,"3007":1,"3008":1,"3009":1,"3010":1,"3011":1,"3012":1,"3013":1,"3014":1,"3015":1,"3016":1,"3017":1,"3018":1,"3019":1,"3020":1,"3021":1,"3022":1,"3023":1,"3024":1,"3025":1,"3026":1,"3027":1,"3028":1,"3029":1,"3030":1,"3031":1,"3032":1,"3033":1,"3034":1,"3035":1,"3036":1,"3037":1,"3038":1,"3039":1,"3040":1,"3041":1,"3042":1,"3043":1,"3044":1,"3045":1,"3046":1,"3047":1,"3048":1,"3049":1,"3050":1,"3051":1,"3052":1,"3053":1,"3054":1,"3055":1,"3056":1,"3057":1,"3058":1,"3059":1,"3060":1,"3061":1,"3062":1,"3063":1,"3064":1,"3065":1,"3066":1,"3067":1,"3068":1,"3069":1,"3070":1,"3071":1,"3072":1,"3073":1,"3074":1,"3075":1,"3076":1,"3077":1,"3078":1,"3079":1,"3080":1,"3081":1,"3082":1,"3083":1,"3084":1,"3085":1,"3086":1,"3087":1,"3088":1,"3089":1,"3090":1,"3091":1,"3092":1,"3093":1,"3094":1,"3095":1,"3096":1,"3097":1,"3098":1,"3099":1,"3100":1,"3101":1,"3102":1,"3103":1,"3104":1,"3105":1,"3106":1,"3107":1,"3108":1,"3109":1,"3110":1,"3111":1,"3112":1,"3113":1,"3114":1,"3115":1,"3116":1,"3117":1,"3118":1,"3119":1,"3120":1,"3121":1,"3122":1,"3123":1,"3124":1,"3125":1,"3126":1,"3127":1,"3128":1,"3129":1,"3130":1,"3131":1,"3132":1,"3133":1,"3134":1,"3135":1,"3136":1,"3137":1,"3138":1,"3139":1,"3140":1,"3141":1,"3142":1,"3143":1,"3144":1,"3145":1,"3146":1,"3147":1,"3148":1,"3149":1,"3150":1,"3151":1,"3152":1,"3153":1,"3154":1,"3155":1,"3156":1,"3157":1,"3158":1,"3159":1,"3160":1,"3161":1,"3162":1,"3163":1,"3164":1,"3165":1,"3166":1,"3167":1,"3168":1,"3169":1,"3170":1,"3171":1,"3172":1,"3173":1,"3174":1,"3175":1,"3176":1,"3177":1,"3178":1,"3179":1,"3180":1,"3181":1,"3182":1,"3183":1,"3184":1,"3185":1,"3186":1,"3187":1,"3188":1,"3189":1,"3190":1,"3191":1,"3192":1,"3193":1,"3194":1,"3195":1,"3196":1,"3197":1,"3198":1,"3199":1,"3200":1,"3201":1,"3202":1,"3203":1,"3204":1,"3205":1,"3206":1,"3207":1,"3208":1,"3209":1,"3210":1,"3211":1,"3212":1,"3213":1,"3214":1,"3215":1,"3216":1,"3217":1,"3218":1,"3219":1,"3220":1,"3221":1,"3222":1,"3223":1,"3224":1,"3225":1,"3226":1,"3227":1,"3228":1,"3229":1,"3230":1,"3231":1,"3232":1,"3233":1,"3234":1,"3235":1,"3236":1,"3237":1,"3238":1,"3239":1,"3240":1,"3241":1,"3242":1,"3243":1,"3244":1,"3245":1,"3246":1,"3247":1,"3248":1,"3249":1,"3250":1,"3251":1,"3252":1,"3253":1,"3254":1,"3255":1,"3256":1,"3257":1,"3258":1,"3259":1,"3260":1,"3261":1,"3262":1,"3263":1,"3264":1,"3265":1,"3266":1,"3267":1,"3268":1,"3269":1,"3270":1,"3271":1,"3272":1,"3273":1,"3274":1,"3275":1,"3276":1,"3277":1,"3278":1,"3279":1,"3280":1,"3281":1,"3282":1,"3283":1,"3284":1,"3285":1,"3286":1,"3287":1,"3288":1,"3289":1,"3290":1,"3291":1,"3292":1,"3293":1,"3294":1,"3295":1,"3296":1,"3297":1,"3298":1,"3299":1,"3300":1,"3301":1,"3302":1,"3303":1,"3304":1,"3305":1,"3306":1,"3307":1,"3308":1,"3309":1,"3310":1,"3311":1,"3312":1,"3313":1,"3314":1,"3315":1,"3316":1,"3317":1,"3318":1,"3319":1,"3320":1,"3321":1,"3322":1,"3323":1},"b":{},"f":{},"fnMap":{},"statementMap":{"1":{"start":{"line":1,"column":0},"end":{"line":1,"column":37}},"2":{"start":{"line":2,"column":0},"end":{"line":2,"column":30}},"3":{"start":{"line":3,"column":0},"end":{"line":3,"column":19}},"4":{"start":{"line":4,"column":0},"end":{"line":4,"column":26}},"5":{"start":{"line":5,"column":0},"end":{"line":5,"column":19}},"6":{"start":{"line":6,"column":0},"end":{"line":6,"column":19}},"7":{"start":{"line":7,"column":0},"end":{"line":7,"column":26}},"8":{"start":{"line":8,"column":0},"end":{"line":8,"column":19}},"9":{"start":{"line":9,"column":0},"end":{"line":9,"column":19}},"10":{"start":{"line":10,"column":0},"end":{"line":10,"column":26}},"11":{"start":{"line":11,"column":0},"end":{"line":11,"column":19}},"12":{"start":{"line":12,"column":0},"end":{"line":12,"column":27}},"13":{"start":{"line":13,"column":0},"end":{"line":13,"column":33}},"14":{"start":{"line":14,"column":0},"end":{"line":14,"column":27}},"15":{"start":{"line":15,"column":0},"end":{"line":15,"column":31}},"16":{"start":{"line":16,"column":0},"end":{"line":16,"column":31}},"17":{"start":{"line":17,"column":0},"end":{"line":17,"column":31}},"18":{"start":{"line":18,"column":0},"end":{"line":18,"column":31}},"19":{"start":{"line":19,"column":0},"end":{"line":19,"column":33}},"20":{"start":{"line":20,"column":0},"end":{"line":20,"column":27}},"21":{"start":{"line":21,"column":0},"end":{"line":21,"column":28}},"22":{"start":{"line":22,"column":0},"end":{"line":22,"column":34}},"23":{"start":{"line":23,"column":0},"end":{"line":23,"column":28}},"24":{"start":{"line":24,"column":0},"end":{"line":24,"column":32}},"25":{"start":{"line":25,"column":0},"end":{"line":25,"column":32}},"26":{"start":{"line":26,"column":0},"end":{"line":26,"column":32}},"27":{"start":{"line":27,"column":0},"end":{"line":27,"column":32}},"28":{"start":{"line":28,"column":0},"end":{"line":28,"column":34}},"29":{"start":{"line":29,"column":0},"end":{"line":29,"column":28}},"30":{"start":{"line":30,"column":0},"end":{"line":30,"column":27}},"31":{"start":{"line":31,"column":0},"end":{"line":31,"column":33}},"32":{"start":{"line":32,"column":0},"end":{"line":32,"column":27}},"33":{"start":{"line":33,"column":0},"end":{"line":33,"column":31}},"34":{"start":{"line":34,"column":0},"end":{"line":34,"column":31}},"35":{"start":{"line":35,"column":0},"end":{"line":35,"column":31}},"36":{"start":{"line":36,"column":0},"end":{"line":36,"column":31}},"37":{"start":{"line":37,"column":0},"end":{"line":37,"column":33}},"38":{"start":{"line":38,"column":0},"end":{"line":38,"column":27}},"39":{"start":{"line":39,"column":0},"end":{"line":39,"column":27}},"40":{"start":{"line":40,"column":0},"end":{"line":40,"column":33}},"41":{"start":{"line":41,"column":0},"end":{"line":41,"column":27}},"42":{"start":{"line":42,"column":0},"end":{"line":42,"column":31}},"43":{"start":{"line":43,"column":0},"end":{"line":43,"column":31}},"44":{"start":{"line":44,"column":0},"end":{"line":44,"column":31}},"45":{"start":{"line":45,"column":0},"end":{"line":45,"column":31}},"46":{"start":{"line":46,"column":0},"end":{"line":46,"column":33}},"47":{"start":{"line":47,"column":0},"end":{"line":47,"column":27}},"48":{"start":{"line":48,"column":0},"end":{"line":48,"column":28}},"49":{"start":{"line":49,"column":0},"end":{"line":49,"column":34}},"50":{"start":{"line":50,"column":0},"end":{"line":50,"column":28}},"51":{"start":{"line":51,"column":0},"end":{"line":51,"column":32}},"52":{"start":{"line":52,"column":0},"end":{"line":52,"column":32}},"53":{"start":{"line":53,"column":0},"end":{"line":53,"column":32}},"54":{"start":{"line":54,"column":0},"end":{"line":54,"column":32}},"55":{"start":{"line":55,"column":0},"end":{"line":55,"column":34}},"56":{"start":{"line":56,"column":0},"end":{"line":56,"column":28}},"57":{"start":{"line":57,"column":0},"end":{"line":57,"column":27}},"58":{"start":{"line":58,"column":0},"end":{"line":58,"column":33}},"59":{"start":{"line":59,"column":0},"end":{"line":59,"column":27}},"60":{"start":{"line":60,"column":0},"end":{"line":60,"column":31}},"61":{"start":{"line":61,"column":0},"end":{"line":61,"column":31}},"62":{"start":{"line":62,"column":0},"end":{"line":62,"column":31}},"63":{"start":{"line":63,"column":0},"end":{"line":63,"column":31}},"64":{"start":{"line":64,"column":0},"end":{"line":64,"column":33}},"65":{"start":{"line":65,"column":0},"end":{"line":65,"column":27}},"66":{"start":{"line":66,"column":0},"end":{"line":66,"column":27}},"67":{"start":{"line":67,"column":0},"end":{"line":67,"column":33}},"68":{"start":{"line":68,"column":0},"end":{"line":68,"column":27}},"69":{"start":{"line":69,"column":0},"end":{"line":69,"column":31}},"70":{"start":{"line":70,"column":0},"end":{"line":70,"column":31}},"71":{"start":{"line":71,"column":0},"end":{"line":71,"column":31}},"72":{"start":{"line":72,"column":0},"end":{"line":72,"column":31}},"73":{"start":{"line":73,"column":0},"end":{"line":73,"column":33}},"74":{"start":{"line":74,"column":0},"end":{"line":74,"column":27}},"75":{"start":{"line":75,"column":0},"end":{"line":75,"column":28}},"76":{"start":{"line":76,"column":0},"end":{"line":76,"column":34}},"77":{"start":{"line":77,"column":0},"end":{"line":77,"column":28}},"78":{"start":{"line":78,"column":0},"end":{"line":78,"column":32}},"79":{"start":{"line":79,"column":0},"end":{"line":79,"column":32}},"80":{"start":{"line":80,"column":0},"end":{"line":80,"column":32}},"81":{"start":{"line":81,"column":0},"end":{"line":81,"column":32}},"82":{"start":{"line":82,"column":0},"end":{"line":82,"column":34}},"83":{"start":{"line":83,"column":0},"end":{"line":83,"column":28}},"84":{"start":{"line":84,"column":0},"end":{"line":84,"column":27}},"85":{"start":{"line":85,"column":0},"end":{"line":85,"column":33}},"86":{"start":{"line":86,"column":0},"end":{"line":86,"column":27}},"87":{"start":{"line":87,"column":0},"end":{"line":87,"column":31}},"88":{"start":{"line":88,"column":0},"end":{"line":88,"column":31}},"89":{"start":{"line":89,"column":0},"end":{"line":89,"column":31}},"90":{"start":{"line":90,"column":0},"end":{"line":90,"column":31}},"91":{"start":{"line":91,"column":0},"end":{"line":91,"column":33}},"92":{"start":{"line":92,"column":0},"end":{"line":92,"column":27}},"93":{"start":{"line":93,"column":0},"end":{"line":93,"column":27}},"94":{"start":{"line":94,"column":0},"end":{"line":94,"column":33}},"95":{"start":{"line":95,"column":0},"end":{"line":95,"column":27}},"96":{"start":{"line":96,"column":0},"end":{"line":96,"column":31}},"97":{"start":{"line":97,"column":0},"end":{"line":97,"column":31}},"98":{"start":{"line":98,"column":0},"end":{"line":98,"column":31}},"99":{"start":{"line":99,"column":0},"end":{"line":99,"column":31}},"100":{"start":{"line":100,"column":0},"end":{"line":100,"column":33}},"101":{"start":{"line":101,"column":0},"end":{"line":101,"column":27}},"102":{"start":{"line":102,"column":0},"end":{"line":102,"column":28}},"103":{"start":{"line":103,"column":0},"end":{"line":103,"column":34}},"104":{"start":{"line":104,"column":0},"end":{"line":104,"column":28}},"105":{"start":{"line":105,"column":0},"end":{"line":105,"column":32}},"106":{"start":{"line":106,"column":0},"end":{"line":106,"column":32}},"107":{"start":{"line":107,"column":0},"end":{"line":107,"column":32}},"108":{"start":{"line":108,"column":0},"end":{"line":108,"column":32}},"109":{"start":{"line":109,"column":0},"end":{"line":109,"column":34}},"110":{"start":{"line":110,"column":0},"end":{"line":110,"column":28}},"111":{"start":{"line":111,"column":0},"end":{"line":111,"column":27}},"112":{"start":{"line":112,"column":0},"end":{"line":112,"column":33}},"113":{"start":{"line":113,"column":0},"end":{"line":113,"column":27}},"114":{"start":{"line":114,"column":0},"end":{"line":114,"column":31}},"115":{"start":{"line":115,"column":0},"end":{"line":115,"column":31}},"116":{"start":{"line":116,"column":0},"end":{"line":116,"column":31}},"117":{"start":{"line":117,"column":0},"end":{"line":117,"column":31}},"118":{"start":{"line":118,"column":0},"end":{"line":118,"column":33}},"119":{"start":{"line":119,"column":0},"end":{"line":119,"column":27}},"120":{"start":{"line":120,"column":0},"end":{"line":120,"column":27}},"121":{"start":{"line":121,"column":0},"end":{"line":121,"column":33}},"122":{"start":{"line":122,"column":0},"end":{"line":122,"column":27}},"123":{"start":{"line":123,"column":0},"end":{"line":123,"column":31}},"124":{"start":{"line":124,"column":0},"end":{"line":124,"column":31}},"125":{"start":{"line":125,"column":0},"end":{"line":125,"column":31}},"126":{"start":{"line":126,"column":0},"end":{"line":126,"column":31}},"127":{"start":{"line":127,"column":0},"end":{"line":127,"column":33}},"128":{"start":{"line":128,"column":0},"end":{"line":128,"column":27}},"129":{"start":{"line":129,"column":0},"end":{"line":129,"column":28}},"130":{"start":{"line":130,"column":0},"end":{"line":130,"column":34}},"131":{"start":{"line":131,"column":0},"end":{"line":131,"column":28}},"132":{"start":{"line":132,"column":0},"end":{"line":132,"column":32}},"133":{"start":{"line":133,"column":0},"end":{"line":133,"column":32}},"134":{"start":{"line":134,"column":0},"end":{"line":134,"column":32}},"135":{"start":{"line":135,"column":0},"end":{"line":135,"column":32}},"136":{"start":{"line":136,"column":0},"end":{"line":136,"column":34}},"137":{"start":{"line":137,"column":0},"end":{"line":137,"column":28}},"138":{"start":{"line":138,"column":0},"end":{"line":138,"column":27}},"139":{"start":{"line":139,"column":0},"end":{"line":139,"column":33}},"140":{"start":{"line":140,"column":0},"end":{"line":140,"column":27}},"141":{"start":{"line":141,"column":0},"end":{"line":141,"column":31}},"142":{"start":{"line":142,"column":0},"end":{"line":142,"column":31}},"143":{"start":{"line":143,"column":0},"end":{"line":143,"column":31}},"144":{"start":{"line":144,"column":0},"end":{"line":144,"column":31}},"145":{"start":{"line":145,"column":0},"end":{"line":145,"column":33}},"146":{"start":{"line":146,"column":0},"end":{"line":146,"column":27}},"147":{"start":{"line":147,"column":0},"end":{"line":147,"column":27}},"148":{"start":{"line":148,"column":0},"end":{"line":148,"column":33}},"149":{"start":{"line":149,"column":0},"end":{"line":149,"column":27}},"150":{"start":{"line":150,"column":0},"end":{"line":150,"column":31}},"151":{"start":{"line":151,"column":0},"end":{"line":151,"column":31}},"152":{"start":{"line":152,"column":0},"end":{"line":152,"column":31}},"153":{"start":{"line":153,"column":0},"end":{"line":153,"column":31}},"154":{"start":{"line":154,"column":0},"end":{"line":154,"column":33}},"155":{"start":{"line":155,"column":0},"end":{"line":155,"column":27}},"156":{"start":{"line":156,"column":0},"end":{"line":156,"column":28}},"157":{"start":{"line":157,"column":0},"end":{"line":157,"column":34}},"158":{"start":{"line":158,"column":0},"end":{"line":158,"column":28}},"159":{"start":{"line":159,"column":0},"end":{"line":159,"column":32}},"160":{"start":{"line":160,"column":0},"end":{"line":160,"column":32}},"161":{"start":{"line":161,"column":0},"end":{"line":161,"column":32}},"162":{"start":{"line":162,"column":0},"end":{"line":162,"column":32}},"163":{"start":{"line":163,"column":0},"end":{"line":163,"column":34}},"164":{"start":{"line":164,"column":0},"end":{"line":164,"column":28}},"165":{"start":{"line":165,"column":0},"end":{"line":165,"column":27}},"166":{"start":{"line":166,"column":0},"end":{"line":166,"column":33}},"167":{"start":{"line":167,"column":0},"end":{"line":167,"column":27}},"168":{"start":{"line":168,"column":0},"end":{"line":168,"column":31}},"169":{"start":{"line":169,"column":0},"end":{"line":169,"column":31}},"170":{"start":{"line":170,"column":0},"end":{"line":170,"column":31}},"171":{"start":{"line":171,"column":0},"end":{"line":171,"column":31}},"172":{"start":{"line":172,"column":0},"end":{"line":172,"column":33}},"173":{"start":{"line":173,"column":0},"end":{"line":173,"column":27}},"174":{"start":{"line":174,"column":0},"end":{"line":174,"column":26}},"175":{"start":{"line":175,"column":0},"end":{"line":175,"column":32}},"176":{"start":{"line":176,"column":0},"end":{"line":176,"column":26}},"177":{"start":{"line":177,"column":0},"end":{"line":177,"column":30}},"178":{"start":{"line":178,"column":0},"end":{"line":178,"column":30}},"179":{"start":{"line":179,"column":0},"end":{"line":179,"column":30}},"180":{"start":{"line":180,"column":0},"end":{"line":180,"column":30}},"181":{"start":{"line":181,"column":0},"end":{"line":181,"column":32}},"182":{"start":{"line":182,"column":0},"end":{"line":182,"column":26}},"183":{"start":{"line":183,"column":0},"end":{"line":183,"column":27}},"184":{"start":{"line":184,"column":0},"end":{"line":184,"column":33}},"185":{"start":{"line":185,"column":0},"end":{"line":185,"column":27}},"186":{"start":{"line":186,"column":0},"end":{"line":186,"column":31}},"187":{"start":{"line":187,"column":0},"end":{"line":187,"column":31}},"188":{"start":{"line":188,"column":0},"end":{"line":188,"column":31}},"189":{"start":{"line":189,"column":0},"end":{"line":189,"column":31}},"190":{"start":{"line":190,"column":0},"end":{"line":190,"column":33}},"191":{"start":{"line":191,"column":0},"end":{"line":191,"column":27}},"192":{"start":{"line":192,"column":0},"end":{"line":192,"column":26}},"193":{"start":{"line":193,"column":0},"end":{"line":193,"column":32}},"194":{"start":{"line":194,"column":0},"end":{"line":194,"column":26}},"195":{"start":{"line":195,"column":0},"end":{"line":195,"column":30}},"196":{"start":{"line":196,"column":0},"end":{"line":196,"column":30}},"197":{"start":{"line":197,"column":0},"end":{"line":197,"column":30}},"198":{"start":{"line":198,"column":0},"end":{"line":198,"column":30}},"199":{"start":{"line":199,"column":0},"end":{"line":199,"column":32}},"200":{"start":{"line":200,"column":0},"end":{"line":200,"column":26}},"201":{"start":{"line":201,"column":0},"end":{"line":201,"column":26}},"202":{"start":{"line":202,"column":0},"end":{"line":202,"column":32}},"203":{"start":{"line":203,"column":0},"end":{"line":203,"column":26}},"204":{"start":{"line":204,"column":0},"end":{"line":204,"column":30}},"205":{"start":{"line":205,"column":0},"end":{"line":205,"column":30}},"206":{"start":{"line":206,"column":0},"end":{"line":206,"column":30}},"207":{"start":{"line":207,"column":0},"end":{"line":207,"column":30}},"208":{"start":{"line":208,"column":0},"end":{"line":208,"column":32}},"209":{"start":{"line":209,"column":0},"end":{"line":209,"column":26}},"210":{"start":{"line":210,"column":0},"end":{"line":210,"column":27}},"211":{"start":{"line":211,"column":0},"end":{"line":211,"column":33}},"212":{"start":{"line":212,"column":0},"end":{"line":212,"column":27}},"213":{"start":{"line":213,"column":0},"end":{"line":213,"column":31}},"214":{"start":{"line":214,"column":0},"end":{"line":214,"column":31}},"215":{"start":{"line":215,"column":0},"end":{"line":215,"column":31}},"216":{"start":{"line":216,"column":0},"end":{"line":216,"column":31}},"217":{"start":{"line":217,"column":0},"end":{"line":217,"column":33}},"218":{"start":{"line":218,"column":0},"end":{"line":218,"column":27}},"219":{"start":{"line":219,"column":0},"end":{"line":219,"column":26}},"220":{"start":{"line":220,"column":0},"end":{"line":220,"column":32}},"221":{"start":{"line":221,"column":0},"end":{"line":221,"column":26}},"222":{"start":{"line":222,"column":0},"end":{"line":222,"column":30}},"223":{"start":{"line":223,"column":0},"end":{"line":223,"column":30}},"224":{"start":{"line":224,"column":0},"end":{"line":224,"column":30}},"225":{"start":{"line":225,"column":0},"end":{"line":225,"column":30}},"226":{"start":{"line":226,"column":0},"end":{"line":226,"column":32}},"227":{"start":{"line":227,"column":0},"end":{"line":227,"column":26}},"228":{"start":{"line":228,"column":0},"end":{"line":228,"column":26}},"229":{"start":{"line":229,"column":0},"end":{"line":229,"column":32}},"230":{"start":{"line":230,"column":0},"end":{"line":230,"column":26}},"231":{"start":{"line":231,"column":0},"end":{"line":231,"column":30}},"232":{"start":{"line":232,"column":0},"end":{"line":232,"column":30}},"233":{"start":{"line":233,"column":0},"end":{"line":233,"column":30}},"234":{"start":{"line":234,"column":0},"end":{"line":234,"column":30}},"235":{"start":{"line":235,"column":0},"end":{"line":235,"column":32}},"236":{"start":{"line":236,"column":0},"end":{"line":236,"column":26}},"237":{"start":{"line":237,"column":0},"end":{"line":237,"column":27}},"238":{"start":{"line":238,"column":0},"end":{"line":238,"column":33}},"239":{"start":{"line":239,"column":0},"end":{"line":239,"column":27}},"240":{"start":{"line":240,"column":0},"end":{"line":240,"column":31}},"241":{"start":{"line":241,"column":0},"end":{"line":241,"column":31}},"242":{"start":{"line":242,"column":0},"end":{"line":242,"column":31}},"243":{"start":{"line":243,"column":0},"end":{"line":243,"column":31}},"244":{"start":{"line":244,"column":0},"end":{"line":244,"column":33}},"245":{"start":{"line":245,"column":0},"end":{"line":245,"column":27}},"246":{"start":{"line":246,"column":0},"end":{"line":246,"column":26}},"247":{"start":{"line":247,"column":0},"end":{"line":247,"column":32}},"248":{"start":{"line":248,"column":0},"end":{"line":248,"column":26}},"249":{"start":{"line":249,"column":0},"end":{"line":249,"column":30}},"250":{"start":{"line":250,"column":0},"end":{"line":250,"column":30}},"251":{"start":{"line":251,"column":0},"end":{"line":251,"column":30}},"252":{"start":{"line":252,"column":0},"end":{"line":252,"column":30}},"253":{"start":{"line":253,"column":0},"end":{"line":253,"column":32}},"254":{"start":{"line":254,"column":0},"end":{"line":254,"column":26}},"255":{"start":{"line":255,"column":0},"end":{"line":255,"column":24}},"256":{"start":{"line":256,"column":0},"end":{"line":256,"column":41}},"257":{"start":{"line":257,"column":0},"end":{"line":257,"column":79}},"258":{"start":{"line":258,"column":1},"end":{"line":258,"column":42}},"259":{"start":{"line":259,"column":0},"end":{"line":259,"column":15}},"260":{"start":{"line":260,"column":0},"end":{"line":260,"column":58}},"261":{"start":{"line":261,"column":1},"end":{"line":261,"column":42}},"262":{"start":{"line":262,"column":0},"end":{"line":262,"column":15}},"263":{"start":{"line":263,"column":0},"end":{"line":263,"column":29}},"264":{"start":{"line":264,"column":1},"end":{"line":264,"column":42}},"265":{"start":{"line":265,"column":0},"end":{"line":265,"column":15}},"266":{"start":{"line":266,"column":0},"end":{"line":266,"column":9}},"267":{"start":{"line":267,"column":1},"end":{"line":267,"column":42}},"268":{"start":{"line":268,"column":0},"end":{"line":268,"column":15}},"269":{"start":{"line":269,"column":0},"end":{"line":269,"column":41}},"270":{"start":{"line":270,"column":0},"end":{"line":270,"column":79}},"271":{"start":{"line":271,"column":1},"end":{"line":271,"column":42}},"272":{"start":{"line":272,"column":0},"end":{"line":272,"column":15}},"273":{"start":{"line":273,"column":0},"end":{"line":273,"column":58}},"274":{"start":{"line":274,"column":1},"end":{"line":274,"column":42}},"275":{"start":{"line":275,"column":0},"end":{"line":275,"column":15}},"276":{"start":{"line":276,"column":0},"end":{"line":276,"column":29}},"277":{"start":{"line":277,"column":1},"end":{"line":277,"column":42}},"278":{"start":{"line":278,"column":0},"end":{"line":278,"column":15}},"279":{"start":{"line":279,"column":0},"end":{"line":279,"column":9}},"280":{"start":{"line":280,"column":1},"end":{"line":280,"column":42}},"281":{"start":{"line":281,"column":0},"end":{"line":281,"column":15}},"282":{"start":{"line":282,"column":0},"end":{"line":282,"column":39}},"283":{"start":{"line":283,"column":0},"end":{"line":283,"column":79}},"284":{"start":{"line":284,"column":1},"end":{"line":284,"column":40}},"285":{"start":{"line":285,"column":0},"end":{"line":285,"column":15}},"286":{"start":{"line":286,"column":0},"end":{"line":286,"column":58}},"287":{"start":{"line":287,"column":1},"end":{"line":287,"column":40}},"288":{"start":{"line":288,"column":0},"end":{"line":288,"column":15}},"289":{"start":{"line":289,"column":0},"end":{"line":289,"column":29}},"290":{"start":{"line":290,"column":1},"end":{"line":290,"column":40}},"291":{"start":{"line":291,"column":0},"end":{"line":291,"column":15}},"292":{"start":{"line":292,"column":0},"end":{"line":292,"column":9}},"293":{"start":{"line":293,"column":1},"end":{"line":293,"column":40}},"294":{"start":{"line":294,"column":0},"end":{"line":294,"column":15}},"295":{"start":{"line":295,"column":0},"end":{"line":295,"column":56}},"296":{"start":{"line":296,"column":0},"end":{"line":296,"column":79}},"297":{"start":{"line":297,"column":1},"end":{"line":297,"column":57}},"298":{"start":{"line":298,"column":0},"end":{"line":298,"column":15}},"299":{"start":{"line":299,"column":0},"end":{"line":299,"column":58}},"300":{"start":{"line":300,"column":1},"end":{"line":300,"column":57}},"301":{"start":{"line":301,"column":0},"end":{"line":301,"column":15}},"302":{"start":{"line":302,"column":0},"end":{"line":302,"column":29}},"303":{"start":{"line":303,"column":1},"end":{"line":303,"column":57}},"304":{"start":{"line":304,"column":0},"end":{"line":304,"column":15}},"305":{"start":{"line":305,"column":0},"end":{"line":305,"column":9}},"306":{"start":{"line":306,"column":1},"end":{"line":306,"column":57}},"307":{"start":{"line":307,"column":0},"end":{"line":307,"column":15}},"308":{"start":{"line":308,"column":0},"end":{"line":308,"column":56}},"309":{"start":{"line":309,"column":0},"end":{"line":309,"column":79}},"310":{"start":{"line":310,"column":1},"end":{"line":310,"column":57}},"311":{"start":{"line":311,"column":0},"end":{"line":311,"column":15}},"312":{"start":{"line":312,"column":0},"end":{"line":312,"column":58}},"313":{"start":{"line":313,"column":1},"end":{"line":313,"column":57}},"314":{"start":{"line":314,"column":0},"end":{"line":314,"column":15}},"315":{"start":{"line":315,"column":0},"end":{"line":315,"column":29}},"316":{"start":{"line":316,"column":1},"end":{"line":316,"column":57}},"317":{"start":{"line":317,"column":0},"end":{"line":317,"column":15}},"318":{"start":{"line":318,"column":0},"end":{"line":318,"column":9}},"319":{"start":{"line":319,"column":1},"end":{"line":319,"column":57}},"320":{"start":{"line":320,"column":0},"end":{"line":320,"column":15}},"321":{"start":{"line":321,"column":0},"end":{"line":321,"column":22}},"322":{"start":{"line":322,"column":0},"end":{"line":322,"column":39}},"323":{"start":{"line":323,"column":0},"end":{"line":323,"column":39}},"324":{"start":{"line":324,"column":0},"end":{"line":324,"column":39}},"325":{"start":{"line":325,"column":0},"end":{"line":325,"column":39}},"326":{"start":{"line":326,"column":0},"end":{"line":326,"column":39}},"327":{"start":{"line":327,"column":0},"end":{"line":327,"column":39}},"328":{"start":{"line":328,"column":0},"end":{"line":328,"column":39}},"329":{"start":{"line":329,"column":0},"end":{"line":329,"column":39}},"330":{"start":{"line":330,"column":0},"end":{"line":330,"column":39}},"331":{"start":{"line":331,"column":0},"end":{"line":331,"column":39}},"332":{"start":{"line":332,"column":0},"end":{"line":332,"column":39}},"333":{"start":{"line":333,"column":0},"end":{"line":333,"column":39}},"334":{"start":{"line":334,"column":0},"end":{"line":334,"column":39}},"335":{"start":{"line":335,"column":0},"end":{"line":335,"column":39}},"336":{"start":{"line":336,"column":0},"end":{"line":336,"column":39}},"337":{"start":{"line":337,"column":0},"end":{"line":337,"column":39}},"338":{"start":{"line":338,"column":0},"end":{"line":338,"column":39}},"339":{"start":{"line":339,"column":0},"end":{"line":339,"column":39}},"340":{"start":{"line":340,"column":0},"end":{"line":340,"column":39}},"341":{"start":{"line":341,"column":0},"end":{"line":341,"column":39}},"342":{"start":{"line":342,"column":0},"end":{"line":342,"column":39}},"343":{"start":{"line":343,"column":0},"end":{"line":343,"column":39}},"344":{"start":{"line":344,"column":0},"end":{"line":344,"column":39}},"345":{"start":{"line":345,"column":0},"end":{"line":345,"column":39}},"346":{"start":{"line":346,"column":0},"end":{"line":346,"column":39}},"347":{"start":{"line":347,"column":0},"end":{"line":347,"column":39}},"348":{"start":{"line":348,"column":0},"end":{"line":348,"column":39}},"349":{"start":{"line":349,"column":0},"end":{"line":349,"column":39}},"350":{"start":{"line":350,"column":0},"end":{"line":350,"column":39}},"351":{"start":{"line":351,"column":0},"end":{"line":351,"column":39}},"352":{"start":{"line":352,"column":0},"end":{"line":352,"column":39}},"353":{"start":{"line":353,"column":0},"end":{"line":353,"column":39}},"354":{"start":{"line":354,"column":0},"end":{"line":354,"column":39}},"355":{"start":{"line":355,"column":0},"end":{"line":355,"column":39}},"356":{"start":{"line":356,"column":0},"end":{"line":356,"column":39}},"357":{"start":{"line":357,"column":0},"end":{"line":357,"column":39}},"358":{"start":{"line":358,"column":0},"end":{"line":358,"column":39}},"359":{"start":{"line":359,"column":0},"end":{"line":359,"column":39}},"360":{"start":{"line":360,"column":0},"end":{"line":360,"column":39}},"361":{"start":{"line":361,"column":0},"end":{"line":361,"column":39}},"362":{"start":{"line":362,"column":0},"end":{"line":362,"column":39}},"363":{"start":{"line":363,"column":0},"end":{"line":363,"column":39}},"364":{"start":{"line":364,"column":0},"end":{"line":364,"column":39}},"365":{"start":{"line":365,"column":0},"end":{"line":365,"column":39}},"366":{"start":{"line":366,"column":0},"end":{"line":366,"column":39}},"367":{"start":{"line":367,"column":0},"end":{"line":367,"column":39}},"368":{"start":{"line":368,"column":0},"end":{"line":368,"column":39}},"369":{"start":{"line":369,"column":0},"end":{"line":369,"column":39}},"370":{"start":{"line":370,"column":0},"end":{"line":370,"column":39}},"371":{"start":{"line":371,"column":0},"end":{"line":371,"column":39}},"372":{"start":{"line":372,"column":0},"end":{"line":372,"column":39}},"373":{"start":{"line":373,"column":0},"end":{"line":373,"column":39}},"374":{"start":{"line":374,"column":0},"end":{"line":374,"column":39}},"375":{"start":{"line":375,"column":0},"end":{"line":375,"column":39}},"376":{"start":{"line":376,"column":0},"end":{"line":376,"column":39}},"377":{"start":{"line":377,"column":0},"end":{"line":377,"column":39}},"378":{"start":{"line":378,"column":0},"end":{"line":378,"column":39}},"379":{"start":{"line":379,"column":0},"end":{"line":379,"column":39}},"380":{"start":{"line":380,"column":0},"end":{"line":380,"column":39}},"381":{"start":{"line":381,"column":0},"end":{"line":381,"column":39}},"382":{"start":{"line":382,"column":0},"end":{"line":382,"column":39}},"383":{"start":{"line":383,"column":0},"end":{"line":383,"column":39}},"384":{"start":{"line":384,"column":0},"end":{"line":384,"column":39}},"385":{"start":{"line":385,"column":0},"end":{"line":385,"column":39}},"386":{"start":{"line":386,"column":0},"end":{"line":386,"column":39}},"387":{"start":{"line":387,"column":0},"end":{"line":387,"column":39}},"388":{"start":{"line":388,"column":0},"end":{"line":388,"column":39}},"389":{"start":{"line":389,"column":0},"end":{"line":389,"column":39}},"390":{"start":{"line":390,"column":0},"end":{"line":390,"column":39}},"391":{"start":{"line":391,"column":0},"end":{"line":391,"column":39}},"392":{"start":{"line":392,"column":0},"end":{"line":392,"column":39}},"393":{"start":{"line":393,"column":0},"end":{"line":393,"column":39}},"394":{"start":{"line":394,"column":0},"end":{"line":394,"column":39}},"395":{"start":{"line":395,"column":0},"end":{"line":395,"column":39}},"396":{"start":{"line":396,"column":0},"end":{"line":396,"column":39}},"397":{"start":{"line":397,"column":0},"end":{"line":397,"column":39}},"398":{"start":{"line":398,"column":0},"end":{"line":398,"column":39}},"399":{"start":{"line":399,"column":0},"end":{"line":399,"column":39}},"400":{"start":{"line":400,"column":0},"end":{"line":400,"column":39}},"401":{"start":{"line":401,"column":0},"end":{"line":401,"column":39}},"402":{"start":{"line":402,"column":0},"end":{"line":402,"column":39}},"403":{"start":{"line":403,"column":0},"end":{"line":403,"column":39}},"404":{"start":{"line":404,"column":0},"end":{"line":404,"column":39}},"405":{"start":{"line":405,"column":0},"end":{"line":405,"column":39}},"406":{"start":{"line":406,"column":0},"end":{"line":406,"column":39}},"407":{"start":{"line":407,"column":0},"end":{"line":407,"column":39}},"408":{"start":{"line":408,"column":0},"end":{"line":408,"column":39}},"409":{"start":{"line":409,"column":0},"end":{"line":409,"column":39}},"410":{"start":{"line":410,"column":0},"end":{"line":410,"column":39}},"411":{"start":{"line":411,"column":0},"end":{"line":411,"column":39}},"412":{"start":{"line":412,"column":0},"end":{"line":412,"column":39}},"413":{"start":{"line":413,"column":0},"end":{"line":413,"column":39}},"414":{"start":{"line":414,"column":0},"end":{"line":414,"column":39}},"415":{"start":{"line":415,"column":0},"end":{"line":415,"column":39}},"416":{"start":{"line":416,"column":0},"end":{"line":416,"column":39}},"417":{"start":{"line":417,"column":0},"end":{"line":417,"column":39}},"418":{"start":{"line":418,"column":0},"end":{"line":418,"column":39}},"419":{"start":{"line":419,"column":0},"end":{"line":419,"column":39}},"420":{"start":{"line":420,"column":0},"end":{"line":420,"column":39}},"421":{"start":{"line":421,"column":0},"end":{"line":421,"column":39}},"422":{"start":{"line":422,"column":0},"end":{"line":422,"column":39}},"423":{"start":{"line":423,"column":0},"end":{"line":423,"column":39}},"424":{"start":{"line":424,"column":0},"end":{"line":424,"column":39}},"425":{"start":{"line":425,"column":0},"end":{"line":425,"column":39}},"426":{"start":{"line":426,"column":0},"end":{"line":426,"column":39}},"427":{"start":{"line":427,"column":0},"end":{"line":427,"column":39}},"428":{"start":{"line":428,"column":0},"end":{"line":428,"column":39}},"429":{"start":{"line":429,"column":0},"end":{"line":429,"column":39}},"430":{"start":{"line":430,"column":0},"end":{"line":430,"column":39}},"431":{"start":{"line":431,"column":0},"end":{"line":431,"column":39}},"432":{"start":{"line":432,"column":0},"end":{"line":432,"column":39}},"433":{"start":{"line":433,"column":0},"end":{"line":433,"column":39}},"434":{"start":{"line":434,"column":0},"end":{"line":434,"column":39}},"435":{"start":{"line":435,"column":0},"end":{"line":435,"column":39}},"436":{"start":{"line":436,"column":0},"end":{"line":436,"column":39}},"437":{"start":{"line":437,"column":0},"end":{"line":437,"column":39}},"438":{"start":{"line":438,"column":0},"end":{"line":438,"column":39}},"439":{"start":{"line":439,"column":0},"end":{"line":439,"column":39}},"440":{"start":{"line":440,"column":0},"end":{"line":440,"column":39}},"441":{"start":{"line":441,"column":0},"end":{"line":441,"column":39}},"442":{"start":{"line":442,"column":0},"end":{"line":442,"column":39}},"443":{"start":{"line":443,"column":0},"end":{"line":443,"column":39}},"444":{"start":{"line":444,"column":0},"end":{"line":444,"column":39}},"445":{"start":{"line":445,"column":0},"end":{"line":445,"column":39}},"446":{"start":{"line":446,"column":0},"end":{"line":446,"column":39}},"447":{"start":{"line":447,"column":0},"end":{"line":447,"column":39}},"448":{"start":{"line":448,"column":0},"end":{"line":448,"column":39}},"449":{"start":{"line":449,"column":0},"end":{"line":449,"column":39}},"450":{"start":{"line":450,"column":0},"end":{"line":450,"column":39}},"451":{"start":{"line":451,"column":0},"end":{"line":451,"column":39}},"452":{"start":{"line":452,"column":0},"end":{"line":452,"column":39}},"453":{"start":{"line":453,"column":0},"end":{"line":453,"column":39}},"454":{"start":{"line":454,"column":0},"end":{"line":454,"column":39}},"455":{"start":{"line":455,"column":0},"end":{"line":455,"column":39}},"456":{"start":{"line":456,"column":0},"end":{"line":456,"column":39}},"457":{"start":{"line":457,"column":0},"end":{"line":457,"column":39}},"458":{"start":{"line":458,"column":0},"end":{"line":458,"column":39}},"459":{"start":{"line":459,"column":0},"end":{"line":459,"column":39}},"460":{"start":{"line":460,"column":0},"end":{"line":460,"column":39}},"461":{"start":{"line":461,"column":0},"end":{"line":461,"column":39}},"462":{"start":{"line":462,"column":0},"end":{"line":462,"column":39}},"463":{"start":{"line":463,"column":0},"end":{"line":463,"column":39}},"464":{"start":{"line":464,"column":0},"end":{"line":464,"column":39}},"465":{"start":{"line":465,"column":0},"end":{"line":465,"column":39}},"466":{"start":{"line":466,"column":0},"end":{"line":466,"column":39}},"467":{"start":{"line":467,"column":0},"end":{"line":467,"column":39}},"468":{"start":{"line":468,"column":0},"end":{"line":468,"column":39}},"469":{"start":{"line":469,"column":0},"end":{"line":469,"column":39}},"470":{"start":{"line":470,"column":0},"end":{"line":470,"column":39}},"471":{"start":{"line":471,"column":0},"end":{"line":471,"column":39}},"472":{"start":{"line":472,"column":0},"end":{"line":472,"column":39}},"473":{"start":{"line":473,"column":0},"end":{"line":473,"column":39}},"474":{"start":{"line":474,"column":0},"end":{"line":474,"column":39}},"475":{"start":{"line":475,"column":0},"end":{"line":475,"column":39}},"476":{"start":{"line":476,"column":0},"end":{"line":476,"column":39}},"477":{"start":{"line":477,"column":0},"end":{"line":477,"column":39}},"478":{"start":{"line":478,"column":0},"end":{"line":478,"column":39}},"479":{"start":{"line":479,"column":0},"end":{"line":479,"column":39}},"480":{"start":{"line":480,"column":0},"end":{"line":480,"column":39}},"481":{"start":{"line":481,"column":0},"end":{"line":481,"column":39}},"482":{"start":{"line":482,"column":0},"end":{"line":482,"column":39}},"483":{"start":{"line":483,"column":0},"end":{"line":483,"column":39}},"484":{"start":{"line":484,"column":0},"end":{"line":484,"column":39}},"485":{"start":{"line":485,"column":0},"end":{"line":485,"column":39}},"486":{"start":{"line":486,"column":0},"end":{"line":486,"column":39}},"487":{"start":{"line":487,"column":0},"end":{"line":487,"column":39}},"488":{"start":{"line":488,"column":0},"end":{"line":488,"column":39}},"489":{"start":{"line":489,"column":0},"end":{"line":489,"column":39}},"490":{"start":{"line":490,"column":0},"end":{"line":490,"column":39}},"491":{"start":{"line":491,"column":0},"end":{"line":491,"column":39}},"492":{"start":{"line":492,"column":0},"end":{"line":492,"column":39}},"493":{"start":{"line":493,"column":0},"end":{"line":493,"column":39}},"494":{"start":{"line":494,"column":0},"end":{"line":494,"column":39}},"495":{"start":{"line":495,"column":0},"end":{"line":495,"column":39}},"496":{"start":{"line":496,"column":0},"end":{"line":496,"column":39}},"497":{"start":{"line":497,"column":0},"end":{"line":497,"column":39}},"498":{"start":{"line":498,"column":0},"end":{"line":498,"column":39}},"499":{"start":{"line":499,"column":0},"end":{"line":499,"column":39}},"500":{"start":{"line":500,"column":0},"end":{"line":500,"column":39}},"501":{"start":{"line":501,"column":0},"end":{"line":501,"column":39}},"502":{"start":{"line":502,"column":0},"end":{"line":502,"column":39}},"503":{"start":{"line":503,"column":0},"end":{"line":503,"column":39}},"504":{"start":{"line":504,"column":0},"end":{"line":504,"column":39}},"505":{"start":{"line":505,"column":0},"end":{"line":505,"column":39}},"506":{"start":{"line":506,"column":0},"end":{"line":506,"column":39}},"507":{"start":{"line":507,"column":0},"end":{"line":507,"column":39}},"508":{"start":{"line":508,"column":0},"end":{"line":508,"column":39}},"509":{"start":{"line":509,"column":0},"end":{"line":509,"column":39}},"510":{"start":{"line":510,"column":0},"end":{"line":510,"column":39}},"511":{"start":{"line":511,"column":0},"end":{"line":511,"column":39}},"512":{"start":{"line":512,"column":0},"end":{"line":512,"column":39}},"513":{"start":{"line":513,"column":0},"end":{"line":513,"column":39}},"514":{"start":{"line":514,"column":0},"end":{"line":514,"column":39}},"515":{"start":{"line":515,"column":0},"end":{"line":515,"column":39}},"516":{"start":{"line":516,"column":0},"end":{"line":516,"column":39}},"517":{"start":{"line":517,"column":0},"end":{"line":517,"column":39}},"518":{"start":{"line":518,"column":0},"end":{"line":518,"column":39}},"519":{"start":{"line":519,"column":0},"end":{"line":519,"column":39}},"520":{"start":{"line":520,"column":0},"end":{"line":520,"column":39}},"521":{"start":{"line":521,"column":0},"end":{"line":521,"column":39}},"522":{"start":{"line":522,"column":0},"end":{"line":522,"column":39}},"523":{"start":{"line":523,"column":0},"end":{"line":523,"column":39}},"524":{"start":{"line":524,"column":0},"end":{"line":524,"column":39}},"525":{"start":{"line":525,"column":0},"end":{"line":525,"column":39}},"526":{"start":{"line":526,"column":0},"end":{"line":526,"column":39}},"527":{"start":{"line":527,"column":0},"end":{"line":527,"column":39}},"528":{"start":{"line":528,"column":0},"end":{"line":528,"column":39}},"529":{"start":{"line":529,"column":0},"end":{"line":529,"column":39}},"530":{"start":{"line":530,"column":0},"end":{"line":530,"column":39}},"531":{"start":{"line":531,"column":0},"end":{"line":531,"column":39}},"532":{"start":{"line":532,"column":0},"end":{"line":532,"column":39}},"533":{"start":{"line":533,"column":0},"end":{"line":533,"column":39}},"534":{"start":{"line":534,"column":0},"end":{"line":534,"column":39}},"535":{"start":{"line":535,"column":0},"end":{"line":535,"column":39}},"536":{"start":{"line":536,"column":0},"end":{"line":536,"column":39}},"537":{"start":{"line":537,"column":0},"end":{"line":537,"column":39}},"538":{"start":{"line":538,"column":0},"end":{"line":538,"column":39}},"539":{"start":{"line":539,"column":0},"end":{"line":539,"column":39}},"540":{"start":{"line":540,"column":0},"end":{"line":540,"column":39}},"541":{"start":{"line":541,"column":0},"end":{"line":541,"column":39}},"542":{"start":{"line":542,"column":0},"end":{"line":542,"column":39}},"543":{"start":{"line":543,"column":0},"end":{"line":543,"column":39}},"544":{"start":{"line":544,"column":0},"end":{"line":544,"column":39}},"545":{"start":{"line":545,"column":0},"end":{"line":545,"column":39}},"546":{"start":{"line":546,"column":0},"end":{"line":546,"column":39}},"547":{"start":{"line":547,"column":0},"end":{"line":547,"column":39}},"548":{"start":{"line":548,"column":0},"end":{"line":548,"column":39}},"549":{"start":{"line":549,"column":0},"end":{"line":549,"column":39}},"550":{"start":{"line":550,"column":0},"end":{"line":550,"column":39}},"551":{"start":{"line":551,"column":0},"end":{"line":551,"column":39}},"552":{"start":{"line":552,"column":0},"end":{"line":552,"column":39}},"553":{"start":{"line":553,"column":0},"end":{"line":553,"column":39}},"554":{"start":{"line":554,"column":0},"end":{"line":554,"column":39}},"555":{"start":{"line":555,"column":0},"end":{"line":555,"column":39}},"556":{"start":{"line":556,"column":0},"end":{"line":556,"column":39}},"557":{"start":{"line":557,"column":0},"end":{"line":557,"column":39}},"558":{"start":{"line":558,"column":0},"end":{"line":558,"column":39}},"559":{"start":{"line":559,"column":0},"end":{"line":559,"column":39}},"560":{"start":{"line":560,"column":0},"end":{"line":560,"column":39}},"561":{"start":{"line":561,"column":0},"end":{"line":561,"column":39}},"562":{"start":{"line":562,"column":0},"end":{"line":562,"column":39}},"563":{"start":{"line":563,"column":0},"end":{"line":563,"column":39}},"564":{"start":{"line":564,"column":0},"end":{"line":564,"column":39}},"565":{"start":{"line":565,"column":0},"end":{"line":565,"column":39}},"566":{"start":{"line":566,"column":0},"end":{"line":566,"column":39}},"567":{"start":{"line":567,"column":0},"end":{"line":567,"column":39}},"568":{"start":{"line":568,"column":0},"end":{"line":568,"column":39}},"569":{"start":{"line":569,"column":0},"end":{"line":569,"column":39}},"570":{"start":{"line":570,"column":0},"end":{"line":570,"column":39}},"571":{"start":{"line":571,"column":0},"end":{"line":571,"column":39}},"572":{"start":{"line":572,"column":0},"end":{"line":572,"column":39}},"573":{"start":{"line":573,"column":0},"end":{"line":573,"column":39}},"574":{"start":{"line":574,"column":0},"end":{"line":574,"column":39}},"575":{"start":{"line":575,"column":0},"end":{"line":575,"column":39}},"576":{"start":{"line":576,"column":0},"end":{"line":576,"column":39}},"577":{"start":{"line":577,"column":0},"end":{"line":577,"column":39}},"578":{"start":{"line":578,"column":0},"end":{"line":578,"column":39}},"579":{"start":{"line":579,"column":0},"end":{"line":579,"column":39}},"580":{"start":{"line":580,"column":0},"end":{"line":580,"column":39}},"581":{"start":{"line":581,"column":0},"end":{"line":581,"column":39}},"582":{"start":{"line":582,"column":0},"end":{"line":582,"column":39}},"583":{"start":{"line":583,"column":0},"end":{"line":583,"column":39}},"584":{"start":{"line":584,"column":0},"end":{"line":584,"column":39}},"585":{"start":{"line":585,"column":0},"end":{"line":585,"column":39}},"586":{"start":{"line":586,"column":0},"end":{"line":586,"column":39}},"587":{"start":{"line":587,"column":0},"end":{"line":587,"column":39}},"588":{"start":{"line":588,"column":0},"end":{"line":588,"column":39}},"589":{"start":{"line":589,"column":0},"end":{"line":589,"column":39}},"590":{"start":{"line":590,"column":0},"end":{"line":590,"column":39}},"591":{"start":{"line":591,"column":0},"end":{"line":591,"column":39}},"592":{"start":{"line":592,"column":0},"end":{"line":592,"column":39}},"593":{"start":{"line":593,"column":0},"end":{"line":593,"column":39}},"594":{"start":{"line":594,"column":0},"end":{"line":594,"column":39}},"595":{"start":{"line":595,"column":0},"end":{"line":595,"column":39}},"596":{"start":{"line":596,"column":0},"end":{"line":596,"column":39}},"597":{"start":{"line":597,"column":0},"end":{"line":597,"column":39}},"598":{"start":{"line":598,"column":0},"end":{"line":598,"column":39}},"599":{"start":{"line":599,"column":0},"end":{"line":599,"column":39}},"600":{"start":{"line":600,"column":0},"end":{"line":600,"column":39}},"601":{"start":{"line":601,"column":0},"end":{"line":601,"column":39}},"602":{"start":{"line":602,"column":0},"end":{"line":602,"column":39}},"603":{"start":{"line":603,"column":0},"end":{"line":603,"column":39}},"604":{"start":{"line":604,"column":0},"end":{"line":604,"column":39}},"605":{"start":{"line":605,"column":0},"end":{"line":605,"column":39}},"606":{"start":{"line":606,"column":0},"end":{"line":606,"column":39}},"607":{"start":{"line":607,"column":0},"end":{"line":607,"column":39}},"608":{"start":{"line":608,"column":0},"end":{"line":608,"column":39}},"609":{"start":{"line":609,"column":0},"end":{"line":609,"column":39}},"610":{"start":{"line":610,"column":0},"end":{"line":610,"column":39}},"611":{"start":{"line":611,"column":0},"end":{"line":611,"column":39}},"612":{"start":{"line":612,"column":0},"end":{"line":612,"column":39}},"613":{"start":{"line":613,"column":0},"end":{"line":613,"column":39}},"614":{"start":{"line":614,"column":0},"end":{"line":614,"column":39}},"615":{"start":{"line":615,"column":0},"end":{"line":615,"column":39}},"616":{"start":{"line":616,"column":0},"end":{"line":616,"column":39}},"617":{"start":{"line":617,"column":0},"end":{"line":617,"column":39}},"618":{"start":{"line":618,"column":0},"end":{"line":618,"column":39}},"619":{"start":{"line":619,"column":0},"end":{"line":619,"column":39}},"620":{"start":{"line":620,"column":0},"end":{"line":620,"column":39}},"621":{"start":{"line":621,"column":0},"end":{"line":621,"column":39}},"622":{"start":{"line":622,"column":0},"end":{"line":622,"column":39}},"623":{"start":{"line":623,"column":0},"end":{"line":623,"column":39}},"624":{"start":{"line":624,"column":0},"end":{"line":624,"column":39}},"625":{"start":{"line":625,"column":0},"end":{"line":625,"column":39}},"626":{"start":{"line":626,"column":0},"end":{"line":626,"column":39}},"627":{"start":{"line":627,"column":0},"end":{"line":627,"column":39}},"628":{"start":{"line":628,"column":0},"end":{"line":628,"column":39}},"629":{"start":{"line":629,"column":0},"end":{"line":629,"column":39}},"630":{"start":{"line":630,"column":0},"end":{"line":630,"column":39}},"631":{"start":{"line":631,"column":0},"end":{"line":631,"column":39}},"632":{"start":{"line":632,"column":0},"end":{"line":632,"column":39}},"633":{"start":{"line":633,"column":0},"end":{"line":633,"column":39}},"634":{"start":{"line":634,"column":0},"end":{"line":634,"column":39}},"635":{"start":{"line":635,"column":0},"end":{"line":635,"column":39}},"636":{"start":{"line":636,"column":0},"end":{"line":636,"column":39}},"637":{"start":{"line":637,"column":0},"end":{"line":637,"column":39}},"638":{"start":{"line":638,"column":0},"end":{"line":638,"column":39}},"639":{"start":{"line":639,"column":0},"end":{"line":639,"column":39}},"640":{"start":{"line":640,"column":0},"end":{"line":640,"column":39}},"641":{"start":{"line":641,"column":0},"end":{"line":641,"column":39}},"642":{"start":{"line":642,"column":0},"end":{"line":642,"column":39}},"643":{"start":{"line":643,"column":0},"end":{"line":643,"column":39}},"644":{"start":{"line":644,"column":0},"end":{"line":644,"column":39}},"645":{"start":{"line":645,"column":0},"end":{"line":645,"column":39}},"646":{"start":{"line":646,"column":0},"end":{"line":646,"column":39}},"647":{"start":{"line":647,"column":0},"end":{"line":647,"column":39}},"648":{"start":{"line":648,"column":0},"end":{"line":648,"column":39}},"649":{"start":{"line":649,"column":0},"end":{"line":649,"column":39}},"650":{"start":{"line":650,"column":0},"end":{"line":650,"column":39}},"651":{"start":{"line":651,"column":0},"end":{"line":651,"column":39}},"652":{"start":{"line":652,"column":0},"end":{"line":652,"column":39}},"653":{"start":{"line":653,"column":0},"end":{"line":653,"column":39}},"654":{"start":{"line":654,"column":0},"end":{"line":654,"column":39}},"655":{"start":{"line":655,"column":0},"end":{"line":655,"column":39}},"656":{"start":{"line":656,"column":0},"end":{"line":656,"column":39}},"657":{"start":{"line":657,"column":0},"end":{"line":657,"column":39}},"658":{"start":{"line":658,"column":0},"end":{"line":658,"column":39}},"659":{"start":{"line":659,"column":0},"end":{"line":659,"column":39}},"660":{"start":{"line":660,"column":0},"end":{"line":660,"column":39}},"661":{"start":{"line":661,"column":0},"end":{"line":661,"column":39}},"662":{"start":{"line":662,"column":0},"end":{"line":662,"column":39}},"663":{"start":{"line":663,"column":0},"end":{"line":663,"column":39}},"664":{"start":{"line":664,"column":0},"end":{"line":664,"column":39}},"665":{"start":{"line":665,"column":0},"end":{"line":665,"column":39}},"666":{"start":{"line":666,"column":0},"end":{"line":666,"column":39}},"667":{"start":{"line":667,"column":0},"end":{"line":667,"column":39}},"668":{"start":{"line":668,"column":0},"end":{"line":668,"column":39}},"669":{"start":{"line":669,"column":0},"end":{"line":669,"column":39}},"670":{"start":{"line":670,"column":0},"end":{"line":670,"column":39}},"671":{"start":{"line":671,"column":0},"end":{"line":671,"column":39}},"672":{"start":{"line":672,"column":0},"end":{"line":672,"column":39}},"673":{"start":{"line":673,"column":0},"end":{"line":673,"column":39}},"674":{"start":{"line":674,"column":0},"end":{"line":674,"column":39}},"675":{"start":{"line":675,"column":0},"end":{"line":675,"column":39}},"676":{"start":{"line":676,"column":0},"end":{"line":676,"column":39}},"677":{"start":{"line":677,"column":0},"end":{"line":677,"column":39}},"678":{"start":{"line":678,"column":0},"end":{"line":678,"column":39}},"679":{"start":{"line":679,"column":0},"end":{"line":679,"column":39}},"680":{"start":{"line":680,"column":0},"end":{"line":680,"column":39}},"681":{"start":{"line":681,"column":0},"end":{"line":681,"column":39}},"682":{"start":{"line":682,"column":0},"end":{"line":682,"column":39}},"683":{"start":{"line":683,"column":0},"end":{"line":683,"column":39}},"684":{"start":{"line":684,"column":0},"end":{"line":684,"column":39}},"685":{"start":{"line":685,"column":0},"end":{"line":685,"column":39}},"686":{"start":{"line":686,"column":0},"end":{"line":686,"column":39}},"687":{"start":{"line":687,"column":0},"end":{"line":687,"column":39}},"688":{"start":{"line":688,"column":0},"end":{"line":688,"column":39}},"689":{"start":{"line":689,"column":0},"end":{"line":689,"column":39}},"690":{"start":{"line":690,"column":0},"end":{"line":690,"column":39}},"691":{"start":{"line":691,"column":0},"end":{"line":691,"column":39}},"692":{"start":{"line":692,"column":0},"end":{"line":692,"column":39}},"693":{"start":{"line":693,"column":0},"end":{"line":693,"column":39}},"694":{"start":{"line":694,"column":0},"end":{"line":694,"column":39}},"695":{"start":{"line":695,"column":0},"end":{"line":695,"column":39}},"696":{"start":{"line":696,"column":0},"end":{"line":696,"column":39}},"697":{"start":{"line":697,"column":0},"end":{"line":697,"column":39}},"698":{"start":{"line":698,"column":0},"end":{"line":698,"column":39}},"699":{"start":{"line":699,"column":0},"end":{"line":699,"column":39}},"700":{"start":{"line":700,"column":0},"end":{"line":700,"column":39}},"701":{"start":{"line":701,"column":0},"end":{"line":701,"column":39}},"702":{"start":{"line":702,"column":0},"end":{"line":702,"column":39}},"703":{"start":{"line":703,"column":0},"end":{"line":703,"column":39}},"704":{"start":{"line":704,"column":0},"end":{"line":704,"column":39}},"705":{"start":{"line":705,"column":0},"end":{"line":705,"column":39}},"706":{"start":{"line":706,"column":0},"end":{"line":706,"column":39}},"707":{"start":{"line":707,"column":0},"end":{"line":707,"column":39}},"708":{"start":{"line":708,"column":0},"end":{"line":708,"column":39}},"709":{"start":{"line":709,"column":0},"end":{"line":709,"column":39}},"710":{"start":{"line":710,"column":0},"end":{"line":710,"column":39}},"711":{"start":{"line":711,"column":0},"end":{"line":711,"column":39}},"712":{"start":{"line":712,"column":0},"end":{"line":712,"column":39}},"713":{"start":{"line":713,"column":0},"end":{"line":713,"column":39}},"714":{"start":{"line":714,"column":0},"end":{"line":714,"column":39}},"715":{"start":{"line":715,"column":0},"end":{"line":715,"column":39}},"716":{"start":{"line":716,"column":0},"end":{"line":716,"column":39}},"717":{"start":{"line":717,"column":0},"end":{"line":717,"column":39}},"718":{"start":{"line":718,"column":0},"end":{"line":718,"column":39}},"719":{"start":{"line":719,"column":0},"end":{"line":719,"column":39}},"720":{"start":{"line":720,"column":0},"end":{"line":720,"column":39}},"721":{"start":{"line":721,"column":0},"end":{"line":721,"column":39}},"722":{"start":{"line":722,"column":0},"end":{"line":722,"column":39}},"723":{"start":{"line":723,"column":0},"end":{"line":723,"column":39}},"724":{"start":{"line":724,"column":0},"end":{"line":724,"
[...]
:3151,"column":0},"end":{"line":3151,"column":45}},"3152":{"start":{"line":3152,"column":0},"end":{"line":3152,"column":45}},"3153":{"start":{"line":3153,"column":0},"end":{"line":3153,"column":45}},"3154":{"start":{"line":3154,"column":0},"end":{"line":3154,"column":45}},"3155":{"start":{"line":3155,"column":0},"end":{"line":3155,"column":45}},"3156":{"start":{"line":3156,"column":0},"end":{"line":3156,"column":45}},"3157":{"start":{"line":3157,"column":0},"end":{"line":3157,"column":45}},"3158":{"start":{"line":3158,"column":0},"end":{"line":3158,"column":45}},"3159":{"start":{"line":3159,"column":0},"end":{"line":3159,"column":45}},"3160":{"start":{"line":3160,"column":0},"end":{"line":3160,"column":45}},"3161":{"start":{"line":3161,"column":0},"end":{"line":3161,"column":45}},"3162":{"start":{"line":3162,"column":0},"end":{"line":3162,"column":45}},"3163":{"start":{"line":3163,"column":0},"end":{"line":3163,"column":45}},"3164":{"start":{"line":3164,"column":0},"end":{"line":3164,"column":45}},"3165":{"start":{"line":3165,"column":0},"end":{"line":3165,"column":45}},"3166":{"start":{"line":3166,"column":0},"end":{"line":3166,"column":45}},"3167":{"start":{"line":3167,"column":0},"end":{"line":3167,"column":45}},"3168":{"start":{"line":3168,"column":0},"end":{"line":3168,"column":45}},"3169":{"start":{"line":3169,"column":0},"end":{"line":3169,"column":45}},"3170":{"start":{"line":3170,"column":0},"end":{"line":3170,"column":45}},"3171":{"start":{"line":3171,"column":0},"end":{"line":3171,"column":45}},"3172":{"start":{"line":3172,"column":0},"end":{"line":3172,"column":45}},"3173":{"start":{"line":3173,"column":0},"end":{"line":3173,"column":45}},"3174":{"start":{"line":3174,"column":0},"end":{"line":3174,"column":45}},"3175":{"start":{"line":3175,"column":0},"end":{"line":3175,"column":45}},"3176":{"start":{"line":3176,"column":0},"end":{"line":3176,"column":45}},"3177":{"start":{"line":3177,"column":0},"end":{"line":3177,"column":45}},"3178":{"start":{"line":3178,"column":0},"end":{"line":3178,"column":45}},"3179":{"start":{"line":3179,"column":0},"end":{"line":3179,"column":45}},"3180":{"start":{"line":3180,"column":0},"end":{"line":3180,"column":45}},"3181":{"start":{"line":3181,"column":0},"end":{"line":3181,"column":45}},"3182":{"start":{"line":3182,"column":0},"end":{"line":3182,"column":45}},"3183":{"start":{"line":3183,"column":0},"end":{"line":3183,"column":45}},"3184":{"start":{"line":3184,"column":0},"end":{"line":3184,"column":45}},"3185":{"start":{"line":3185,"column":0},"end":{"line":3185,"column":45}},"3186":{"start":{"line":3186,"column":0},"end":{"line":3186,"column":45}},"3187":{"start":{"line":3187,"column":0},"end":{"line":3187,"column":45}},"3188":{"start":{"line":3188,"column":0},"end":{"line":3188,"column":45}},"3189":{"start":{"line":3189,"column":0},"end":{"line":3189,"column":45}},"3190":{"start":{"line":3190,"column":0},"end":{"line":3190,"column":45}},"3191":{"start":{"line":3191,"column":0},"end":{"line":3191,"column":45}},"3192":{"start":{"line":3192,"column":0},"end":{"line":3192,"column":45}},"3193":{"start":{"line":3193,"column":0},"end":{"line":3193,"column":45}},"3194":{"start":{"line":3194,"column":0},"end":{"line":3194,"column":45}},"3195":{"start":{"line":3195,"column":0},"end":{"line":3195,"column":45}},"3196":{"start":{"line":3196,"column":0},"end":{"line":3196,"column":45}},"3197":{"start":{"line":3197,"column":0},"end":{"line":3197,"column":45}},"3198":{"start":{"line":3198,"column":0},"end":{"line":3198,"column":45}},"3199":{"start":{"line":3199,"column":0},"end":{"line":3199,"column":45}},"3200":{"start":{"line":3200,"column":0},"end":{"line":3200,"column":45}},"3201":{"start":{"line":3201,"column":0},"end":{"line":3201,"column":45}},"3202":{"start":{"line":3202,"column":0},"end":{"line":3202,"column":45}},"3203":{"start":{"line":3203,"column":0},"end":{"line":3203,"column":45}},"3204":{"start":{"line":3204,"column":0},"end":{"line":3204,"column":45}},"3205":{"start":{"line":3205,"column":0},"end":{"line":3205,"column":45}},"3206":{"start":{"line":3206,"column":0},"end":{"line":3206,"column":45}},"3207":{"start":{"line":3207,"column":0},"end":{"line":3207,"column":45}},"3208":{"start":{"line":3208,"column":0},"end":{"line":3208,"column":45}},"3209":{"start":{"line":3209,"column":0},"end":{"line":3209,"column":45}},"3210":{"start":{"line":3210,"column":0},"end":{"line":3210,"column":45}},"3211":{"start":{"line":3211,"column":0},"end":{"line":3211,"column":45}},"3212":{"start":{"line":3212,"column":0},"end":{"line":3212,"column":45}},"3213":{"start":{"line":3213,"column":0},"end":{"line":3213,"column":45}},"3214":{"start":{"line":3214,"column":0},"end":{"line":3214,"column":45}},"3215":{"start":{"line":3215,"column":0},"end":{"line":3215,"column":45}},"3216":{"start":{"line":3216,"column":0},"end":{"line":3216,"column":45}},"3217":{"start":{"line":3217,"column":0},"end":{"line":3217,"column":45}},"3218":{"start":{"line":3218,"column":0},"end":{"line":3218,"column":45}},"3219":{"start":{"line":3219,"column":0},"end":{"line":3219,"column":45}},"3220":{"start":{"line":3220,"column":0},"end":{"line":3220,"column":45}},"3221":{"start":{"line":3221,"column":0},"end":{"line":3221,"column":45}},"3222":{"start":{"line":3222,"column":0},"end":{"line":3222,"column":45}},"3223":{"start":{"line":3223,"column":0},"end":{"line":3223,"column":45}},"3224":{"start":{"line":3224,"column":0},"end":{"line":3224,"column":45}},"3225":{"start":{"line":3225,"column":0},"end":{"line":3225,"column":45}},"3226":{"start":{"line":3226,"column":0},"end":{"line":3226,"column":45}},"3227":{"start":{"line":3227,"column":0},"end":{"line":3227,"column":45}},"3228":{"start":{"line":3228,"column":0},"end":{"line":3228,"column":45}},"3229":{"start":{"line":3229,"column":0},"end":{"line":3229,"column":45}},"3230":{"start":{"line":3230,"column":0},"end":{"line":3230,"column":45}},"3231":{"start":{"line":3231,"column":0},"end":{"line":3231,"column":45}},"3232":{"start":{"line":3232,"column":0},"end":{"line":3232,"column":45}},"3233":{"start":{"line":3233,"column":0},"end":{"line":3233,"column":45}},"3234":{"start":{"line":3234,"column":0},"end":{"line":3234,"column":45}},"3235":{"start":{"line":3235,"column":0},"end":{"line":3235,"column":45}},"3236":{"start":{"line":3236,"column":0},"end":{"line":3236,"column":45}},"3237":{"start":{"line":3237,"column":0},"end":{"line":3237,"column":45}},"3238":{"start":{"line":3238,"column":0},"end":{"line":3238,"column":45}},"3239":{"start":{"line":3239,"column":0},"end":{"line":3239,"column":45}},"3240":{"start":{"line":3240,"column":0},"end":{"line":3240,"column":45}},"3241":{"start":{"line":3241,"column":0},"end":{"line":3241,"column":45}},"3242":{"start":{"line":3242,"column":0},"end":{"line":3242,"column":45}},"3243":{"start":{"line":3243,"column":0},"end":{"line":3243,"column":45}},"3244":{"start":{"line":3244,"column":0},"end":{"line":3244,"column":45}},"3245":{"start":{"line":3245,"column":0},"end":{"line":3245,"column":45}},"3246":{"start":{"line":3246,"column":0},"end":{"line":3246,"column":45}},"3247":{"start":{"line":3247,"column":0},"end":{"line":3247,"column":45}},"3248":{"start":{"line":3248,"column":0},"end":{"line":3248,"column":45}},"3249":{"start":{"line":3249,"column":0},"end":{"line":3249,"column":45}},"3250":{"start":{"line":3250,"column":0},"end":{"line":3250,"column":45}},"3251":{"start":{"line":3251,"column":0},"end":{"line":3251,"column":45}},"3252":{"start":{"line":3252,"column":0},"end":{"line":3252,"column":45}},"3253":{"start":{"line":3253,"column":0},"end":{"line":3253,"column":45}},"3254":{"start":{"line":3254,"column":0},"end":{"line":3254,"column":45}},"3255":{"start":{"line":3255,"column":0},"end":{"line":3255,"column":45}},"3256":{"start":{"line":3256,"column":0},"end":{"line":3256,"column":45}},"3257":{"start":{"line":3257,"column":0},"end":{"line":3257,"column":45}},"3258":{"start":{"line":3258,"column":0},"end":{"line":3258,"column":45}},"3259":{"start":{"line":3259,"column":0},"end":{"line":3259,"column":45}},"3260":{"start":{"line":3260,"column":0},"end":{"line":3260,"column":45}},"3261":{"start":{"line":3261,"column":0},"end":{"line":3261,"column":45}},"3262":{"start":{"line":3262,"column":0},"end":{"line":3262,"column":45}},"3263":{"start":{"line":3263,"column":0},"end":{"line":3263,"column":45}},"3264":{"start":{"line":3264,"column":0},"end":{"line":3264,"column":45}},"3265":{"start":{"line":3265,"column":0},"end":{"line":3265,"column":45}},"3266":{"start":{"line":3266,"column":0},"end":{"line":3266,"column":45}},"3267":{"start":{"line":3267,"column":0},"end":{"line":3267,"column":45}},"3268":{"start":{"line":3268,"column":0},"end":{"line":3268,"column":45}},"3269":{"start":{"line":3269,"column":0},"end":{"line":3269,"column":45}},"3270":{"start":{"line":3270,"column":0},"end":{"line":3270,"column":45}},"3271":{"start":{"line":3271,"column":0},"end":{"line":3271,"column":45}},"3272":{"start":{"line":3272,"column":0},"end":{"line":3272,"column":45}},"3273":{"start":{"line":3273,"column":0},"end":{"line":3273,"column":45}},"3274":{"start":{"line":3274,"column":0},"end":{"line":3274,"column":45}},"3275":{"start":{"line":3275,"column":0},"end":{"line":3275,"column":45}},"3276":{"start":{"line":3276,"column":0},"end":{"line":3276,"column":45}},"3277":{"start":{"line":3277,"column":0},"end":{"line":3277,"column":45}},"3278":{"start":{"line":3278,"column":0},"end":{"line":3278,"column":45}},"3279":{"start":{"line":3279,"column":0},"end":{"line":3279,"column":45}},"3280":{"start":{"line":3280,"column":0},"end":{"line":3280,"column":45}},"3281":{"start":{"line":3281,"column":0},"end":{"line":3281,"column":45}},"3282":{"start":{"line":3282,"column":0},"end":{"line":3282,"column":45}},"3283":{"start":{"line":3283,"column":0},"end":{"line":3283,"column":45}},"3284":{"start":{"line":3284,"column":0},"end":{"line":3284,"column":45}},"3285":{"start":{"line":3285,"column":0},"end":{"line":3285,"column":45}},"3286":{"start":{"line":3286,"column":0},"end":{"line":3286,"column":45}},"3287":{"start":{"line":3287,"column":0},"end":{"line":3287,"column":45}},"3288":{"start":{"line":3288,"column":0},"end":{"line":3288,"column":45}},"3289":{"start":{"line":3289,"column":0},"end":{"line":3289,"column":45}},"3290":{"start":{"line":3290,"column":0},"end":{"line":3290,"column":45}},"3291":{"start":{"line":3291,"column":0},"end":{"line":3291,"column":45}},"3292":{"start":{"line":3292,"column":0},"end":{"line":3292,"column":45}},"3293":{"start":{"line":3293,"column":0},"end":{"line":3293,"column":45}},"3294":{"start":{"line":3294,"column":0},"end":{"line":3294,"column":45}},"3295":{"start":{"line":3295,"column":0},"end":{"line":3295,"column":45}},"3296":{"start":{"line":3296,"column":0},"end":{"line":3296,"column":45}},"3297":{"start":{"line":3297,"column":0},"end":{"line":3297,"column":45}},"3298":{"start":{"line":3298,"column":0},"end":{"line":3298,"column":45}},"3299":{"start":{"line":3299,"column":0},"end":{"line":3299,"column":45}},"3300":{"start":{"line":3300,"column":0},"end":{"line":3300,"column":45}},"3301":{"start":{"line":3301,"column":0},"end":{"line":3301,"column":45}},"3302":{"start":{"line":3302,"column":0},"end":{"line":3302,"column":45}},"3303":{"start":{"line":3303,"column":0},"end":{"line":3303,"column":45}},"3304":{"start":{"line":3304,"column":0},"end":{"line":3304,"column":45}},"3305":{"start":{"line":3305,"column":0},"end":{"line":3305,"column":45}},"3306":{"start":{"line":3306,"column":0},"end":{"line":3306,"column":45}},"3307":{"start":{"line":3307,"column":0},"end":{"line":3307,"column":45}},"3308":{"start":{"line":3308,"column":0},"end":{"line":3308,"column":45}},"3309":{"start":{"line":3309,"column":0},"end":{"line":3309,"column":45}},"3310":{"start":{"line":3310,"column":0},"end":{"line":3310,"column":45}},"3311":{"start":{"line":3311,"column":0},"end":{"line":3311,"column":45}},"3312":{"start":{"line":3312,"column":0},"end":{"line":3312,"column":45}},"3313":{"start":{"line":3313,"column":0},"end":{"line":3313,"column":45}},"3314":{"start":{"line":3314,"column":0},"end":{"line":3314,"column":45}},"3315":{"start":{"line":3315,"column":0},"end":{"line":3315,"column":45}},"3316":{"start":{"line":3316,"column":0},"end":{"line":3316,"column":45}},"3317":{"start":{"line":3317,"column":0},"end":{"line":3317,"column":45}},"3318":{"start":{"line":3318,"column":0},"end":{"line":3318,"column":45}},"3319":{"start":{"line":3319,"column":0},"end":{"line":3319,"column":45}},"3320":{"start":{"line":3320,"column":0},"end":{"line":3320,"column":45}},"3321":{"start":{"line":3321,"column":0},"end":{"line":3321,"column":45}},"3322":{"start":{"line":3322,"column":0},"end":{"line":3322,"column":45}},"3323":{"start":{"line":3323,"column":0},"end":{"line":3323,"column":45}}},"branchMap":{}},"/home/shivam/HW/TestGeneration/subject.js":{"path":"/home/shivam/HW/TestGeneration/subject.js","s":{"1":1,"2":1,"3":9,"4":3,"5":9,"6":3,"7":9,"8":1,"9":243,"10":27,"11":216,"12":144,"13":32,"14":112,"15":64,"16":72,"17":56,"18":91,"19":1,"20":26,"21":12,"22":14,"23":14,"24":8,"25":6,"26":4,"27":4,"28":2,"29":2,"30":1,"31":2003,"32":1,"33":2002,"34":1002,"35":2002,"36":20000,"37":2002,"38":1,"39":1001,"40":1001,"41":1001,"42":1,"43":1000,"44":1,"45":1,"46":1,"47":1,"48":1,"49":1},"b":{"1":[3,6],"2":[3,6],"3":[27,216],"4":[243,81],"5":[144,72],"6":[32,112],"7":[64,48],"8":[56,16],"9":[12,14],"10":[8,6],"11":[4,2],"12":[2,2],"13":[1002,1000],"14":[2002,1000],"15":[1,1000]},"f":{"1":9,"2":243,"3":26,"4":2003,"5":2002,"6":1001},"fnMap":{"1":{"name":"inc","line":3,"loc":{"start":{"line":3,"column":0},"end":{"line":3,"column":18}}},"2":{"name":"weird","line":12,"loc":{"start":{"line":12,"column":0},"end":{"line":13,"column":0}}},"3":{"name":"fileTest","line":40,"loc":{"start":{"line":40,"column":0},"end":{"line":41,"column":0}}},"4":{"name":"normalize","line":64,"loc":{"start":{"line":64,"column":0},"end":{"line":64,"column":32}}},"5":{"name":"format","line":73,"loc":{"start":{"line":73,"column":0},"end":{"line":74,"column":0}}},"6":{"name":"blackListNumber","line":88,"loc":{"start":{"line":88,"column":0},"end":{"line":89,"column":0}}}},"statementMap":{"1":{"start":{"line":1,"column":0},"end":{"line":1,"column":23}},"2":{"start":{"line":3,"column":0},"end":{"line":10,"column":1}},"3":{"start":{"line":4,"column":3},"end":{"line":4,"column":26}},"4":{"start":{"line":4,"column":21},"end":{"line":4,"column":26}},"5":{"start":{"line":5,"column":3},"end":{"line":8,"column":4}},"6":{"start":{"line":7,"column":4},"end":{"line":7,"column":11}},"7":{"start":{"line":9,"column":3},"end":{"line":9,"column":18}},"8":{"start":{"line":12,"column":0},"end":{"line":37,"column":1}},"9":{"start":{"line":14,"column":4},"end":{"line":35,"column":5}},"10":{"start":{"line":16,"column":8},"end":{"line":16,"column":15}},"11":{"start":{"line":18,"column":9},"end":{"line":35,"column":5}},"12":{"start":{"line":20,"column":8},"end":{"line":27,"column":9}},"13":{"start":{"line":22,"column":12},"end":{"line":22,"column":21}},"14":{"start":{"line":24,"column":13},"end":{"line":27,"column":9}},"15":{"start":{"line":26,"column":12},"end":{"line":26,"column":21}},"16":{"start":{"line":31,"column":8},"end":{"line":34,"column":9}},"17":{"start":{"line":33,"column":12},"end":{"line":33,"column":29}},"18":{"start":{"line":36,"column":4},"end":{"line":36,"column":13}},"19":{"start":{"line":40,"column":0},"end":{"line":62,"column":1}},"20":{"start":{"line":42,"column":1},"end":{"line":45,"column":5}},"21":{"start":{"line":44,"column":8},"end":{"line":44,"column":21}},"22":{"start":{"line":47,"column":4},"end":{"line":47,"column":36}},"23":{"start":{"line":48,"column":4},"end":{"line":51,"column":5}},"24":{"start":{"line":50,"column":8},"end":{"line":50,"column":21}},"25":{"start":{"line":53,"column":3},"end":{"line":61,"column":2}},"26":{"start":{"line":55,"column":2},"end":{"line":55,"column":46}},"27":{"start":{"line":56,"column":2},"end":{"line":59,"column":3}},"28":{"start":{"line":58,"column":3},"end":{"line":58,"column":15}},"29":{"start":{"line":60,"column":2},"end":{"line":60,"column":15}},"30":{"start":{"line":64,"column":0},"end":{"line":71,"column":1}},"31":{"start":{"line":66,"column":4},"end":{"line":69,"column":6}},"32":{"start":{"line":73,"column":0},"end":{"line":86,"column":1}},"33":{"start":{"line":76,"column":4},"end":{"line":78,"column":5}},"34":{"start":{"line":77,"column":6},"end":{"line":77,"column":42}},"35":{"start":{"line":80,"column":4},"end":{"line":82,"column":5}},"36":{"start":{"line":81,"column":6},"end":{"line":81,"column":63}},"37":{"start":{"line":84,"column":4},"end":{"line":84,"column":24}},"38":{"start":{"line":88,"column":0},"end":{"line":97,"column":1}},"39":{"start":{"line":90,"column":1},"end":{"line":90,"column":49}},"40":{"start":{"line":91,"column":1},"end":{"line":91,"column":31}},"41":{"start":{"line":92,"column":1},"end":{"line":95,"column":2}},"42":{"start":{"line":94,"column":2},"end":{"line":94,"column":14}},"43":{"start":{"line":96,"column":1},"end":{"line":96,"column":14}},"44":{"start":{"line":99,"column":0},"end":{"line":99,"column":28}},"45":{"start":{"line":100,"column":0},"end":{"line":100,"column":30}},"46":{"start":{"line":101,"column":0},"end":{"line":101,"column":24}},"47":{"start":{"line":102,"column":0},"end":{"line":102,"column":18}},"48":{"start":{"line":103,"column":0},"end":{"line":103,"column":22}},"49":{"start":{"line":104,"column":0},"end":{"line":104,"column":42}}},"branchMap":{"1":{"line":4,"type":"if","locations":[{"start":{"line":4,"column":3},"end":{"line":4,"column":3}},{"start":{"line":4,"column":3},"end":{"line":4,"column":3}}]},"2":{"line":5,"type":"if","locations":[{"start":{"line":5,"column":3},"end":{"line":5,"column":3}},{"start":{"line":5,"column":3},"end":{"line":5,"column":3}}]},"3":{"line":14,"type":"if","locations":[{"start":{"line":14,"column":4},"end":{"line":14,"column":4}},{"start":{"line":14,"column":4},"end":{"line":14,"column":4}}]},"4":{"line":14,"type":"binary-expr","locations":[{"start":{"line":14,"column":8},"end":{"line":14,"column":13}},{"start":{"line":14,"column":17},"end":{"line":14,"column":22}}]},"5":{"line":18,"type":"if","locations":[{"start":{"line":18,"column":9},"end":{"line":18,"column":9}},{"start":{"line":18,"column":9},"end":{"line":18,"column":9}}]},"6":{"line":20,"type":"if","locations":[{"start":{"line":20,"column":8},"end":{"line":20,"column":8}},{"start":{"line":20,"column":8},"end":{"line":20,"column":8}}]},"7":{"line":24,"type":"if","locations":[{"start":{"line":24,"column":13},"end":{"line":24,"column":13}},{"start":{"line":24,"column":13},"end":{"line":24,"column":13}}]},"8":{"line":31,"type":"if","locations":[{"start":{"line":31,"column":8},"end":{"line":31,"column":8}},{"start":{"line":31,"column":8},"end":{"line":31,"column":8}}]},"9":{"line":42,"type":"if","locations":[{"start":{"line":42,"column":1},"end":{"line":42,"column":1}},{"start":{"line":42,"column":1},"end":{"line":42,"column":1}}]},"10":{"line":48,"type":"if","locations":[{"start":{"line":48,"column":4},"end":{"line":48,"column":4}},{"start":{"line":48,"column":4},"end":{"line":48,"column":4}}]},"11":{"line":53,"type":"if","locations":[{"start":{"line":53,"column":3},"end":{"line":53,"column":3}},{"start":{"line":53,"column":3},"end":{"line":53,"column":3}}]},"12":{"line":56,"type":"if","locations":[{"start":{"line":56,"column":2},"end":{"line":56,"column":2}},{"start":{"line":56,"column":2},"end":{"line":56,"column":2}}]},"13":{"line":76,"type":"if","locations":[{"start":{"line":76,"column":4},"end":{"line":76,"column":4}},{"start":{"line":76,"column":4},"end":{"line":76,"column":4}}]},"14":{"line":76,"type":"binary-expr","locations":[{"start":{"line":76,"column":8},"end":{"line":76,"column":16}},{"start":{"line":76,"column":20},"end":{"line":76,"column":38}}]},"15":{"line":92,"type":"if","locations":[{"start":{"line":92,"column":1},"end":{"line":92,"column":1}},{"start":{"line":92,"column":1},"end":{"line":92,"column":1}}]}}}}